[2026-04-21T06:33:06.128+0000] {local_task_job_runner.py:120} INFO - ::group::Pre task execution logs
[2026-04-21T06:33:06.193+0000] {taskinstance.py:2076} INFO - Dependencies all met for dep_context=non-requeueable deps ti=<TaskInstance: news_pipeline.extract manual__2026-04-21T06:33:04.085690+00:00 [queued]>
[2026-04-21T06:33:06.217+0000] {taskinstance.py:2076} INFO - Dependencies all met for dep_context=requeueable deps ti=<TaskInstance: news_pipeline.extract manual__2026-04-21T06:33:04.085690+00:00 [queued]>
[2026-04-21T06:33:06.219+0000] {taskinstance.py:2306} INFO - Starting attempt 1 of 1
[2026-04-21T06:33:06.256+0000] {taskinstance.py:2330} INFO - Executing <Task(BashOperator): extract> on 2026-04-21 06:33:04.085690+00:00
[2026-04-21T06:33:06.280+0000] {standard_task_runner.py:90} INFO - Running: ['***', 'tasks', 'run', 'news_pipeline', 'extract', 'manual__2026-04-21T06:33:04.085690+00:00', '--job-id', '2', '--raw', '--subdir', 'DAGS_FOLDER/news_pipeline.py', '--cfg-path', '/tmp/tmpryuhju6m']
[2026-04-21T06:33:06.288+0000] {standard_task_runner.py:91} INFO - Job 2: Subtask extract
[2026-04-21T06:33:06.307+0000] {logging_mixin.py:188} WARNING - /home/***/.local/lib/python3.12/site-packages/***/task/task_runner/standard_task_runner.py:61 DeprecationWarning: This process (pid=193) is multi-threaded, use of fork() may lead to deadlocks in the child.
[2026-04-21T06:33:06.314+0000] {standard_task_runner.py:63} INFO - Started process 194 to run task
[2026-04-21T06:33:06.459+0000] {task_command.py:426} INFO - Running <TaskInstance: news_pipeline.extract manual__2026-04-21T06:33:04.085690+00:00 [running]> on host fe86e5cf7ac6
[2026-04-21T06:33:06.730+0000] {taskinstance.py:2648} INFO - Exporting env vars: AIRFLOW_CTX_DAG_OWNER='***' AIRFLOW_CTX_DAG_ID='news_pipeline' AIRFLOW_CTX_TASK_ID='extract' AIRFLOW_CTX_EXECUTION_DATE='2026-04-21T06:33:04.085690+00:00' AIRFLOW_CTX_TRY_NUMBER='1' AIRFLOW_CTX_DAG_RUN_ID='manual__2026-04-21T06:33:04.085690+00:00'
[2026-04-21T06:33:06.747+0000] {taskinstance.py:430} INFO - ::endgroup::
[2026-04-21T06:33:07.077+0000] {subprocess.py:63} INFO - Tmp dir root location: /tmp
[2026-04-21T06:33:07.080+0000] {subprocess.py:75} INFO - Running command: ['/usr/bin/bash', '-c', 'python /opt/***/scripts/extract_news.py']
[2026-04-21T06:33:07.103+0000] {subprocess.py:86} INFO - Output:
[2026-04-21T06:33:12.351+0000] {subprocess.py:93} INFO - News extracted successfully
[2026-04-21T06:33:12.403+0000] {subprocess.py:97} INFO - Command exited with return code 0
[2026-04-21T06:33:12.404+0000] {taskinstance.py:441} INFO - ::group::Post task execution logs
[2026-04-21T06:33:12.503+0000] {taskinstance.py:1206} INFO - Marking task as SUCCESS. dag_id=news_pipeline, task_id=extract, run_id=manual__2026-04-21T06:33:04.085690+00:00, execution_date=20260421T063304, start_date=20260421T063306, end_date=20260421T063312
[2026-04-21T06:33:12.551+0000] {local_task_job_runner.py:240} INFO - Task exited with return code 0
[2026-04-21T06:33:12.603+0000] {taskinstance.py:3498} INFO - 1 downstream tasks scheduled from follow-on schedule check
[2026-04-21T06:33:12.612+0000] {local_task_job_runner.py:222} INFO - ::endgroup::
