[2026-04-21T06:26:30.327+0000] {local_task_job_runner.py:120} INFO - ::group::Pre task execution logs
[2026-04-21T06:26:30.494+0000] {taskinstance.py:2076} INFO - Dependencies all met for dep_context=non-requeueable deps ti=<TaskInstance: news_pipeline.load manual__2026-04-21T06:22:27.392994+00:00 [queued]>
[2026-04-21T06:26:30.541+0000] {taskinstance.py:2076} INFO - Dependencies all met for dep_context=requeueable deps ti=<TaskInstance: news_pipeline.load manual__2026-04-21T06:22:27.392994+00:00 [queued]>
[2026-04-21T06:26:30.542+0000] {taskinstance.py:2306} INFO - Starting attempt 2 of 2
[2026-04-21T06:26:30.602+0000] {taskinstance.py:2330} INFO - Executing <Task(BashOperator): load> on 2026-04-21 06:22:27.392994+00:00
[2026-04-21T06:26:30.626+0000] {standard_task_runner.py:90} INFO - Running: ['***', 'tasks', 'run', 'news_pipeline', 'load', 'manual__2026-04-21T06:22:27.392994+00:00', '--job-id', '32', '--raw', '--subdir', 'DAGS_FOLDER/news_pipeline.py', '--cfg-path', '/tmp/tmpyf0m6nn1']
[2026-04-21T06:26:30.640+0000] {standard_task_runner.py:91} INFO - Job 32: Subtask load
[2026-04-21T06:26:30.654+0000] {logging_mixin.py:188} WARNING - /home/***/.local/lib/python3.12/site-packages/***/task/task_runner/standard_task_runner.py:61 DeprecationWarning: This process (pid=220) is multi-threaded, use of fork() may lead to deadlocks in the child.
[2026-04-21T06:26:30.655+0000] {standard_task_runner.py:63} INFO - Started process 221 to run task
[2026-04-21T06:26:30.868+0000] {task_command.py:426} INFO - Running <TaskInstance: news_pipeline.load manual__2026-04-21T06:22:27.392994+00:00 [running]> on host a8948063c6b8
[2026-04-21T06:26:31.226+0000] {taskinstance.py:2648} INFO - Exporting env vars: AIRFLOW_CTX_DAG_OWNER='***' AIRFLOW_CTX_DAG_ID='news_pipeline' AIRFLOW_CTX_TASK_ID='load' AIRFLOW_CTX_EXECUTION_DATE='2026-04-21T06:22:27.392994+00:00' AIRFLOW_CTX_TRY_NUMBER='2' AIRFLOW_CTX_DAG_RUN_ID='manual__2026-04-21T06:22:27.392994+00:00'
[2026-04-21T06:26:31.228+0000] {taskinstance.py:430} INFO - ::endgroup::
[2026-04-21T06:26:31.312+0000] {subprocess.py:63} INFO - Tmp dir root location: /tmp
[2026-04-21T06:26:31.325+0000] {subprocess.py:75} INFO - Running command: ['/usr/bin/bash', '-c', 'python /opt/***/scripts/load_snowflake.py']
[2026-04-21T06:26:31.354+0000] {subprocess.py:86} INFO - Output:
[2026-04-21T06:26:35.800+0000] {subprocess.py:93} INFO - Traceback (most recent call last):
[2026-04-21T06:26:35.802+0000] {subprocess.py:93} INFO -   File "/home/***/.local/lib/python3.12/site-packages/boto3/s3/transfer.py", line 371, in upload_file
[2026-04-21T06:26:35.803+0000] {subprocess.py:93} INFO -     future.result()
[2026-04-21T06:26:35.804+0000] {subprocess.py:93} INFO -   File "/home/***/.local/lib/python3.12/site-packages/s3transfer/futures.py", line 103, in result
[2026-04-21T06:26:35.805+0000] {subprocess.py:93} INFO -     return self._coordinator.result()
[2026-04-21T06:26:35.806+0000] {subprocess.py:93} INFO -            ^^^^^^^^^^^^^^^^^^^^^^^^^^
[2026-04-21T06:26:35.807+0000] {subprocess.py:93} INFO -   File "/home/***/.local/lib/python3.12/site-packages/s3transfer/futures.py", line 266, in result
[2026-04-21T06:26:35.808+0000] {subprocess.py:93} INFO -     raise self._exception
[2026-04-21T06:26:35.809+0000] {subprocess.py:93} INFO -   File "/home/***/.local/lib/python3.12/site-packages/s3transfer/tasks.py", line 139, in __call__
[2026-04-21T06:26:35.810+0000] {subprocess.py:93} INFO -     return self._execute_main(kwargs)
[2026-04-21T06:26:35.811+0000] {subprocess.py:93} INFO -            ^^^^^^^^^^^^^^^^^^^^^^^^^^
[2026-04-21T06:26:35.811+0000] {subprocess.py:93} INFO -   File "/home/***/.local/lib/python3.12/site-packages/s3transfer/tasks.py", line 162, in _execute_main
[2026-04-21T06:26:35.814+0000] {subprocess.py:93} INFO -     return_value = self._main(**kwargs)
[2026-04-21T06:26:35.815+0000] {subprocess.py:93} INFO -                    ^^^^^^^^^^^^^^^^^^^^
[2026-04-21T06:26:35.816+0000] {subprocess.py:93} INFO -   File "/home/***/.local/lib/python3.12/site-packages/s3transfer/upload.py", line 764, in _main
[2026-04-21T06:26:35.816+0000] {subprocess.py:93} INFO -     client.put_object(Bucket=bucket, Key=key, Body=body, **extra_args)
[2026-04-21T06:26:35.817+0000] {subprocess.py:93} INFO -   File "/home/***/.local/lib/python3.12/site-packages/botocore/client.py", line 553, in _api_call
[2026-04-21T06:26:35.818+0000] {subprocess.py:93} INFO -     return self._make_api_call(operation_name, kwargs)
[2026-04-21T06:26:35.819+0000] {subprocess.py:93} INFO -            ^^^^^^^^^^^^^^^^^^^^^^^^^^^^^^^^^^^^^^^^^^^
[2026-04-21T06:26:35.820+0000] {subprocess.py:93} INFO -   File "/home/***/.local/lib/python3.12/site-packages/botocore/client.py", line 1009, in _make_api_call
[2026-04-21T06:26:35.821+0000] {subprocess.py:93} INFO -     raise error_class(parsed_response, operation_name)
[2026-04-21T06:26:35.822+0000] {subprocess.py:93} INFO - botocore.exceptions.ClientError: An error occurred (InvalidAccessKeyId) when calling the PutObject operation: The AWS Access Key Id you provided does not exist in our records.
[2026-04-21T06:26:35.823+0000] {subprocess.py:93} INFO - 
[2026-04-21T06:26:35.824+0000] {subprocess.py:93} INFO - During handling of the above exception, another exception occurred:
[2026-04-21T06:26:35.825+0000] {subprocess.py:93} INFO - 
[2026-04-21T06:26:35.826+0000] {subprocess.py:93} INFO - Traceback (most recent call last):
[2026-04-21T06:26:35.827+0000] {subprocess.py:93} INFO -   File "/opt/***/scripts/load_snowflake.py", line 17, in <module>
[2026-04-21T06:26:35.828+0000] {subprocess.py:93} INFO -     s3.upload_file(LOCAL_FILE, BUCKET_NAME, S3_FILE)
[2026-04-21T06:26:35.828+0000] {subprocess.py:93} INFO -   File "/home/***/.local/lib/python3.12/site-packages/boto3/s3/inject.py", line 145, in upload_file
[2026-04-21T06:26:35.831+0000] {subprocess.py:93} INFO -     return transfer.upload_file(
[2026-04-21T06:26:35.832+0000] {subprocess.py:93} INFO -            ^^^^^^^^^^^^^^^^^^^^^
[2026-04-21T06:26:35.833+0000] {subprocess.py:93} INFO -   File "/home/***/.local/lib/python3.12/site-packages/boto3/s3/transfer.py", line 377, in upload_file
[2026-04-21T06:26:35.834+0000] {subprocess.py:93} INFO -     raise S3UploadFailedError(
[2026-04-21T06:26:35.835+0000] {subprocess.py:93} INFO - boto3.exceptions.S3UploadFailedError: Failed to upload /opt/***/scripts/news.csv to news-data-raw-bucket/processed/news.csv: An error occurred (InvalidAccessKeyId) when calling the PutObject operation: The AWS Access Key Id you provided does not exist in our records.
[2026-04-21T06:26:35.952+0000] {subprocess.py:97} INFO - Command exited with return code 1
[2026-04-21T06:26:35.953+0000] {taskinstance.py:441} INFO - ::group::Post task execution logs
[2026-04-21T06:26:35.967+0000] {taskinstance.py:2905} ERROR - Task failed with exception
Traceback (most recent call last):
  File "/home/airflow/.local/lib/python3.12/site-packages/airflow/models/taskinstance.py", line 465, in _execute_task
    result = _execute_callable(context=context, **execute_callable_kwargs)
             ^^^^^^^^^^^^^^^^^^^^^^^^^^^^^^^^^^^^^^^^^^^^^^^^^^^^^^^^^^^^^
  File "/home/airflow/.local/lib/python3.12/site-packages/airflow/models/taskinstance.py", line 432, in _execute_callable
    return execute_callable(context=context, **execute_callable_kwargs)
           ^^^^^^^^^^^^^^^^^^^^^^^^^^^^^^^^^^^^^^^^^^^^^^^^^^^^^^^^^^^^
  File "/home/airflow/.local/lib/python3.12/site-packages/airflow/models/baseoperator.py", line 400, in wrapper
    return func(self, *args, **kwargs)
           ^^^^^^^^^^^^^^^^^^^^^^^^^^^
  File "/home/airflow/.local/lib/python3.12/site-packages/airflow/operators/bash.py", line 243, in execute
    raise AirflowException(
airflow.exceptions.AirflowException: Bash command failed. The command returned a non-zero exit code 1.
[2026-04-21T06:26:35.972+0000] {taskinstance.py:1206} INFO - Marking task as FAILED. dag_id=news_pipeline, task_id=load, run_id=manual__2026-04-21T06:22:27.392994+00:00, execution_date=20260421T062227, start_date=20260421T062630, end_date=20260421T062635
[2026-04-21T06:26:35.996+0000] {standard_task_runner.py:110} ERROR - Failed to execute job 32 for task load (Bash command failed. The command returned a non-zero exit code 1.; 221)
[2026-04-21T06:26:36.032+0000] {local_task_job_runner.py:240} INFO - Task exited with return code 1
[2026-04-21T06:26:36.051+0000] {taskinstance.py:3498} INFO - 0 downstream tasks scheduled from follow-on schedule check
[2026-04-21T06:26:36.057+0000] {local_task_job_runner.py:222} INFO - ::endgroup::
