[2026-04-22T04:51:13.675+0000] {local_task_job_runner.py:120} INFO - ::group::Pre task execution logs
[2026-04-22T04:51:13.774+0000] {taskinstance.py:2076} INFO - Dependencies all met for dep_context=non-requeueable deps ti=<TaskInstance: news_pipeline.extract manual__2026-04-22T04:51:12.245111+00:00 [queued]>
[2026-04-22T04:51:13.850+0000] {taskinstance.py:2076} INFO - Dependencies all met for dep_context=requeueable deps ti=<TaskInstance: news_pipeline.extract manual__2026-04-22T04:51:12.245111+00:00 [queued]>
[2026-04-22T04:51:13.923+0000] {taskinstance.py:2306} INFO - Starting attempt 1 of 1
[2026-04-22T04:51:14.022+0000] {taskinstance.py:2330} INFO - Executing <Task(BashOperator): extract> on 2026-04-22 04:51:12.245111+00:00
[2026-04-22T04:51:14.110+0000] {standard_task_runner.py:90} INFO - Running: ['***', 'tasks', 'run', 'news_pipeline', 'extract', 'manual__2026-04-22T04:51:12.245111+00:00', '--job-id', '20', '--raw', '--subdir', 'DAGS_FOLDER/news_pipeline.py', '--cfg-path', '/tmp/tmp0442sdqa']
[2026-04-22T04:51:14.117+0000] {logging_mixin.py:188} WARNING - /home/***/.local/lib/python3.12/site-packages/***/task/task_runner/standard_task_runner.py:61 DeprecationWarning: This process (pid=247) is multi-threaded, use of fork() may lead to deadlocks in the child.
[2026-04-22T04:51:14.128+0000] {standard_task_runner.py:91} INFO - Job 20: Subtask extract
[2026-04-22T04:51:14.129+0000] {standard_task_runner.py:63} INFO - Started process 248 to run task
[2026-04-22T04:51:14.482+0000] {task_command.py:426} INFO - Running <TaskInstance: news_pipeline.extract manual__2026-04-22T04:51:12.245111+00:00 [running]> on host 6fe59ef72561
[2026-04-22T04:51:14.701+0000] {taskinstance.py:2648} INFO - Exporting env vars: AIRFLOW_CTX_DAG_OWNER='***' AIRFLOW_CTX_DAG_ID='news_pipeline' AIRFLOW_CTX_TASK_ID='extract' AIRFLOW_CTX_EXECUTION_DATE='2026-04-22T04:51:12.245111+00:00' AIRFLOW_CTX_TRY_NUMBER='1' AIRFLOW_CTX_DAG_RUN_ID='manual__2026-04-22T04:51:12.245111+00:00'
[2026-04-22T04:51:14.702+0000] {taskinstance.py:430} INFO - ::endgroup::
[2026-04-22T04:51:14.747+0000] {subprocess.py:63} INFO - Tmp dir root location: /tmp
[2026-04-22T04:51:14.749+0000] {subprocess.py:75} INFO - Running command: ['/usr/bin/bash', '-c', 'python /opt/***/scripts/extract_news.py']
[2026-04-22T04:51:14.769+0000] {subprocess.py:86} INFO - Output:
[2026-04-22T04:51:16.527+0000] {subprocess.py:93} INFO - News extracted successfully
[2026-04-22T04:51:16.624+0000] {subprocess.py:97} INFO - Command exited with return code 0
[2026-04-22T04:51:16.629+0000] {taskinstance.py:441} INFO - ::group::Post task execution logs
[2026-04-22T04:51:16.888+0000] {taskinstance.py:1206} INFO - Marking task as SUCCESS. dag_id=news_pipeline, task_id=extract, run_id=manual__2026-04-22T04:51:12.245111+00:00, execution_date=20260422T045112, start_date=20260422T045113, end_date=20260422T045116
[2026-04-22T04:51:17.039+0000] {local_task_job_runner.py:240} INFO - Task exited with return code 0
[2026-04-22T04:51:17.108+0000] {taskinstance.py:3498} INFO - 1 downstream tasks scheduled from follow-on schedule check
[2026-04-22T04:51:17.172+0000] {local_task_job_runner.py:222} INFO - ::endgroup::
