[2026-04-21T05:58:52.033+0000] {local_task_job_runner.py:120} INFO - ::group::Pre task execution logs
[2026-04-21T05:58:52.183+0000] {taskinstance.py:2076} INFO - Dependencies all met for dep_context=non-requeueable deps ti=<TaskInstance: news_pipeline.load manual__2026-04-21T05:58:40.572661+00:00 [queued]>
[2026-04-21T05:58:52.241+0000] {taskinstance.py:2076} INFO - Dependencies all met for dep_context=requeueable deps ti=<TaskInstance: news_pipeline.load manual__2026-04-21T05:58:40.572661+00:00 [queued]>
[2026-04-21T05:58:52.244+0000] {taskinstance.py:2306} INFO - Starting attempt 1 of 1
[2026-04-21T05:58:52.288+0000] {taskinstance.py:2330} INFO - Executing <Task(BashOperator): load> on 2026-04-21 05:58:40.572661+00:00
[2026-04-21T05:58:52.307+0000] {standard_task_runner.py:90} INFO - Running: ['***', 'tasks', 'run', 'news_pipeline', 'load', 'manual__2026-04-21T05:58:40.572661+00:00', '--job-id', '23', '--raw', '--subdir', 'DAGS_FOLDER/news_pipeline.py', '--cfg-path', '/tmp/tmpoa5abb4q']
[2026-04-21T05:58:52.311+0000] {logging_mixin.py:188} WARNING - /home/***/.local/lib/python3.12/site-packages/***/task/task_runner/standard_task_runner.py:61 DeprecationWarning: This process (pid=193) is multi-threaded, use of fork() may lead to deadlocks in the child.
[2026-04-21T05:58:52.314+0000] {standard_task_runner.py:91} INFO - Job 23: Subtask load
[2026-04-21T05:58:52.314+0000] {standard_task_runner.py:63} INFO - Started process 194 to run task
[2026-04-21T05:58:52.405+0000] {task_command.py:426} INFO - Running <TaskInstance: news_pipeline.load manual__2026-04-21T05:58:40.572661+00:00 [running]> on host a8948063c6b8
[2026-04-21T05:58:52.532+0000] {taskinstance.py:2648} INFO - Exporting env vars: AIRFLOW_CTX_DAG_OWNER='***' AIRFLOW_CTX_DAG_ID='news_pipeline' AIRFLOW_CTX_TASK_ID='load' AIRFLOW_CTX_EXECUTION_DATE='2026-04-21T05:58:40.572661+00:00' AIRFLOW_CTX_TRY_NUMBER='1' AIRFLOW_CTX_DAG_RUN_ID='manual__2026-04-21T05:58:40.572661+00:00'
[2026-04-21T05:58:52.534+0000] {taskinstance.py:430} INFO - ::endgroup::
[2026-04-21T05:58:52.560+0000] {subprocess.py:63} INFO - Tmp dir root location: /tmp
[2026-04-21T05:58:52.561+0000] {subprocess.py:75} INFO - Running command: ['/usr/bin/bash', '-c', 'python /opt/***/scripts/load_snowflake.py']
[2026-04-21T05:58:52.577+0000] {subprocess.py:86} INFO - Output:
[2026-04-21T05:58:52.745+0000] {subprocess.py:93} INFO - python: can't open file '/opt/***/scripts/load_snowflake.py': [Errno 2] No such file or directory
[2026-04-21T05:58:52.756+0000] {subprocess.py:97} INFO - Command exited with return code 2
[2026-04-21T05:58:52.758+0000] {taskinstance.py:441} INFO - ::group::Post task execution logs
[2026-04-21T05:58:52.784+0000] {taskinstance.py:2905} ERROR - Task failed with exception
Traceback (most recent call last):
  File "/home/airflow/.local/lib/python3.12/site-packages/airflow/models/taskinstance.py", line 465, in _execute_task
    result = _execute_callable(context=context, **execute_callable_kwargs)
             ^^^^^^^^^^^^^^^^^^^^^^^^^^^^^^^^^^^^^^^^^^^^^^^^^^^^^^^^^^^^^
  File "/home/airflow/.local/lib/python3.12/site-packages/airflow/models/taskinstance.py", line 432, in _execute_callable
    return execute_callable(context=context, **execute_callable_kwargs)
           ^^^^^^^^^^^^^^^^^^^^^^^^^^^^^^^^^^^^^^^^^^^^^^^^^^^^^^^^^^^^
  File "/home/airflow/.local/lib/python3.12/site-packages/airflow/models/baseoperator.py", line 400, in wrapper
    return func(self, *args, **kwargs)
           ^^^^^^^^^^^^^^^^^^^^^^^^^^^
  File "/home/airflow/.local/lib/python3.12/site-packages/airflow/operators/bash.py", line 243, in execute
    raise AirflowException(
airflow.exceptions.AirflowException: Bash command failed. The command returned a non-zero exit code 2.
[2026-04-21T05:58:52.800+0000] {taskinstance.py:1206} INFO - Marking task as FAILED. dag_id=news_pipeline, task_id=load, run_id=manual__2026-04-21T05:58:40.572661+00:00, execution_date=20260421T055840, start_date=20260421T055852, end_date=20260421T055852
[2026-04-21T05:58:52.850+0000] {standard_task_runner.py:110} ERROR - Failed to execute job 23 for task load (Bash command failed. The command returned a non-zero exit code 2.; 194)
[2026-04-21T05:58:52.898+0000] {local_task_job_runner.py:240} INFO - Task exited with return code 1
[2026-04-21T05:58:52.937+0000] {taskinstance.py:3498} INFO - 0 downstream tasks scheduled from follow-on schedule check
[2026-04-21T05:58:52.945+0000] {local_task_job_runner.py:222} INFO - ::endgroup::
