[2026-04-21T06:59:08.270+0000] {local_task_job_runner.py:120} INFO - ::group::Pre task execution logs
[2026-04-21T06:59:08.315+0000] {taskinstance.py:2076} INFO - Dependencies all met for dep_context=non-requeueable deps ti=<TaskInstance: news_pipeline.load manual__2026-04-21T06:58:56.447367+00:00 [queued]>
[2026-04-21T06:59:08.329+0000] {taskinstance.py:2076} INFO - Dependencies all met for dep_context=requeueable deps ti=<TaskInstance: news_pipeline.load manual__2026-04-21T06:58:56.447367+00:00 [queued]>
[2026-04-21T06:59:08.330+0000] {taskinstance.py:2306} INFO - Starting attempt 1 of 1
[2026-04-21T06:59:08.354+0000] {taskinstance.py:2330} INFO - Executing <Task(BashOperator): load> on 2026-04-21 06:58:56.447367+00:00
[2026-04-21T06:59:08.372+0000] {standard_task_runner.py:90} INFO - Running: ['***', 'tasks', 'run', 'news_pipeline', 'load', 'manual__2026-04-21T06:58:56.447367+00:00', '--job-id', '15', '--raw', '--subdir', 'DAGS_FOLDER/news_pipeline.py', '--cfg-path', '/tmp/tmp958xw1z8']
[2026-04-21T06:59:08.377+0000] {standard_task_runner.py:91} INFO - Job 15: Subtask load
[2026-04-21T06:59:08.378+0000] {logging_mixin.py:188} WARNING - /home/***/.local/lib/python3.12/site-packages/***/task/task_runner/standard_task_runner.py:61 DeprecationWarning: This process (pid=197) is multi-threaded, use of fork() may lead to deadlocks in the child.
[2026-04-21T06:59:08.380+0000] {standard_task_runner.py:63} INFO - Started process 198 to run task
[2026-04-21T06:59:08.463+0000] {task_command.py:426} INFO - Running <TaskInstance: news_pipeline.load manual__2026-04-21T06:58:56.447367+00:00 [running]> on host 6fe59ef72561
[2026-04-21T06:59:08.662+0000] {taskinstance.py:2648} INFO - Exporting env vars: AIRFLOW_CTX_DAG_OWNER='***' AIRFLOW_CTX_DAG_ID='news_pipeline' AIRFLOW_CTX_TASK_ID='load' AIRFLOW_CTX_EXECUTION_DATE='2026-04-21T06:58:56.447367+00:00' AIRFLOW_CTX_TRY_NUMBER='1' AIRFLOW_CTX_DAG_RUN_ID='manual__2026-04-21T06:58:56.447367+00:00'
[2026-04-21T06:59:08.663+0000] {taskinstance.py:430} INFO - ::endgroup::
[2026-04-21T06:59:08.685+0000] {subprocess.py:63} INFO - Tmp dir root location: /tmp
[2026-04-21T06:59:08.686+0000] {subprocess.py:75} INFO - Running command: ['/usr/bin/bash', '-c', 'python /opt/***/scripts/load_snowflake.py']
[2026-04-21T06:59:08.698+0000] {subprocess.py:86} INFO - Output:
[2026-04-21T06:59:12.173+0000] {subprocess.py:93} INFO - news.csv uploaded to S3 successfully
[2026-04-21T06:59:12.578+0000] {subprocess.py:97} INFO - Command exited with return code 0
[2026-04-21T06:59:20.491+0000] {taskinstance.py:441} INFO - ::group::Post task execution logs
[2026-04-21T06:59:21.223+0000] {taskinstance.py:1206} INFO - Marking task as SUCCESS. dag_id=news_pipeline, task_id=load, run_id=manual__2026-04-21T06:58:56.447367+00:00, execution_date=20260421T065856, start_date=20260421T065908, end_date=20260421T065921
[2026-04-21T06:59:21.353+0000] {local_task_job_runner.py:240} INFO - Task exited with return code 0
[2026-04-21T06:59:21.375+0000] {taskinstance.py:3498} INFO - 0 downstream tasks scheduled from follow-on schedule check
[2026-04-21T06:59:21.399+0000] {local_task_job_runner.py:222} INFO - ::endgroup::
