[2026-04-21T06:55:05.859+0000] {local_task_job_runner.py:120} INFO - ::group::Pre task execution logs
[2026-04-21T06:55:05.914+0000] {taskinstance.py:2076} INFO - Dependencies all met for dep_context=non-requeueable deps ti=<TaskInstance: news_pipeline.load manual__2026-04-21T06:54:39.319962+00:00 [queued]>
[2026-04-21T06:55:05.929+0000] {taskinstance.py:2076} INFO - Dependencies all met for dep_context=requeueable deps ti=<TaskInstance: news_pipeline.load manual__2026-04-21T06:54:39.319962+00:00 [queued]>
[2026-04-21T06:55:05.983+0000] {taskinstance.py:2306} INFO - Starting attempt 1 of 1
[2026-04-21T06:55:06.198+0000] {taskinstance.py:2330} INFO - Executing <Task(BashOperator): load> on 2026-04-21 06:54:39.319962+00:00
[2026-04-21T06:55:06.235+0000] {standard_task_runner.py:90} INFO - Running: ['***', 'tasks', 'run', 'news_pipeline', 'load', 'manual__2026-04-21T06:54:39.319962+00:00', '--job-id', '11', '--raw', '--subdir', 'DAGS_FOLDER/news_pipeline.py', '--cfg-path', '/tmp/tmp5vohk_zt']
[2026-04-21T06:55:06.244+0000] {standard_task_runner.py:91} INFO - Job 11: Subtask load
[2026-04-21T06:55:06.251+0000] {logging_mixin.py:188} WARNING - /home/***/.local/lib/python3.12/site-packages/***/task/task_runner/standard_task_runner.py:61 DeprecationWarning: This process (pid=307) is multi-threaded, use of fork() may lead to deadlocks in the child.
[2026-04-21T06:55:06.255+0000] {standard_task_runner.py:63} INFO - Started process 308 to run task
[2026-04-21T06:55:06.494+0000] {task_command.py:426} INFO - Running <TaskInstance: news_pipeline.load manual__2026-04-21T06:54:39.319962+00:00 [running]> on host 9b4aa039d0ef
[2026-04-21T06:55:06.998+0000] {taskinstance.py:2648} INFO - Exporting env vars: AIRFLOW_CTX_DAG_OWNER='***' AIRFLOW_CTX_DAG_ID='news_pipeline' AIRFLOW_CTX_TASK_ID='load' AIRFLOW_CTX_EXECUTION_DATE='2026-04-21T06:54:39.319962+00:00' AIRFLOW_CTX_TRY_NUMBER='1' AIRFLOW_CTX_DAG_RUN_ID='manual__2026-04-21T06:54:39.319962+00:00'
[2026-04-21T06:55:07.000+0000] {taskinstance.py:430} INFO - ::endgroup::
[2026-04-21T06:55:07.028+0000] {subprocess.py:63} INFO - Tmp dir root location: /tmp
[2026-04-21T06:55:07.029+0000] {subprocess.py:75} INFO - Running command: ['/usr/bin/bash', '-c', 'python /opt/***/scripts/load_snowflake.py']
[2026-04-21T06:55:07.045+0000] {subprocess.py:86} INFO - Output:
[2026-04-21T06:55:10.285+0000] {subprocess.py:93} INFO - Traceback (most recent call last):
[2026-04-21T06:55:10.287+0000] {subprocess.py:93} INFO -   File "/home/***/.local/lib/python3.12/site-packages/boto3/s3/transfer.py", line 371, in upload_file
[2026-04-21T06:55:10.289+0000] {subprocess.py:93} INFO -     future.result()
[2026-04-21T06:55:10.290+0000] {subprocess.py:93} INFO -   File "/home/***/.local/lib/python3.12/site-packages/s3transfer/futures.py", line 103, in result
[2026-04-21T06:55:10.293+0000] {subprocess.py:93} INFO -     return self._coordinator.result()
[2026-04-21T06:55:10.295+0000] {subprocess.py:93} INFO -            ^^^^^^^^^^^^^^^^^^^^^^^^^^
[2026-04-21T06:55:10.297+0000] {subprocess.py:93} INFO -   File "/home/***/.local/lib/python3.12/site-packages/s3transfer/futures.py", line 266, in result
[2026-04-21T06:55:10.298+0000] {subprocess.py:93} INFO -     raise self._exception
[2026-04-21T06:55:10.299+0000] {subprocess.py:93} INFO -   File "/home/***/.local/lib/python3.12/site-packages/s3transfer/tasks.py", line 139, in __call__
[2026-04-21T06:55:10.301+0000] {subprocess.py:93} INFO -     return self._execute_main(kwargs)
[2026-04-21T06:55:10.301+0000] {subprocess.py:93} INFO -            ^^^^^^^^^^^^^^^^^^^^^^^^^^
[2026-04-21T06:55:10.302+0000] {subprocess.py:93} INFO -   File "/home/***/.local/lib/python3.12/site-packages/s3transfer/tasks.py", line 162, in _execute_main
[2026-04-21T06:55:10.304+0000] {subprocess.py:93} INFO -     return_value = self._main(**kwargs)
[2026-04-21T06:55:10.305+0000] {subprocess.py:93} INFO -                    ^^^^^^^^^^^^^^^^^^^^
[2026-04-21T06:55:10.305+0000] {subprocess.py:93} INFO -   File "/home/***/.local/lib/python3.12/site-packages/s3transfer/upload.py", line 764, in _main
[2026-04-21T06:55:10.306+0000] {subprocess.py:93} INFO -     client.put_object(Bucket=bucket, Key=key, Body=body, **extra_args)
[2026-04-21T06:55:10.308+0000] {subprocess.py:93} INFO -   File "/home/***/.local/lib/python3.12/site-packages/botocore/client.py", line 553, in _api_call
[2026-04-21T06:55:10.309+0000] {subprocess.py:93} INFO -     return self._make_api_call(operation_name, kwargs)
[2026-04-21T06:55:10.312+0000] {subprocess.py:93} INFO -            ^^^^^^^^^^^^^^^^^^^^^^^^^^^^^^^^^^^^^^^^^^^
[2026-04-21T06:55:10.313+0000] {subprocess.py:93} INFO -   File "/home/***/.local/lib/python3.12/site-packages/botocore/client.py", line 1009, in _make_api_call
[2026-04-21T06:55:10.314+0000] {subprocess.py:93} INFO -     raise error_class(parsed_response, operation_name)
[2026-04-21T06:55:10.315+0000] {subprocess.py:93} INFO - botocore.errorfactory.NoSuchBucket: An error occurred (NoSuchBucket) when calling the PutObject operation: The specified bucket does not exist
[2026-04-21T06:55:10.315+0000] {subprocess.py:93} INFO - 
[2026-04-21T06:55:10.317+0000] {subprocess.py:93} INFO - During handling of the above exception, another exception occurred:
[2026-04-21T06:55:10.318+0000] {subprocess.py:93} INFO - 
[2026-04-21T06:55:10.319+0000] {subprocess.py:93} INFO - Traceback (most recent call last):
[2026-04-21T06:55:10.320+0000] {subprocess.py:93} INFO -   File "/opt/***/scripts/load_snowflake.py", line 17, in <module>
[2026-04-21T06:55:10.321+0000] {subprocess.py:93} INFO -     s3.upload_file(LOCAL_FILE, BUCKET_NAME, S3_FILE)
[2026-04-21T06:55:10.323+0000] {subprocess.py:93} INFO -   File "/home/***/.local/lib/python3.12/site-packages/boto3/s3/inject.py", line 145, in upload_file
[2026-04-21T06:55:10.324+0000] {subprocess.py:93} INFO -     return transfer.upload_file(
[2026-04-21T06:55:10.325+0000] {subprocess.py:93} INFO -            ^^^^^^^^^^^^^^^^^^^^^
[2026-04-21T06:55:10.327+0000] {subprocess.py:93} INFO -   File "/home/***/.local/lib/python3.12/site-packages/boto3/s3/transfer.py", line 377, in upload_file
[2026-04-21T06:55:10.328+0000] {subprocess.py:93} INFO -     raise S3UploadFailedError(
[2026-04-21T06:55:10.330+0000] {subprocess.py:93} INFO - boto3.exceptions.S3UploadFailedError: Failed to upload /opt/***/scripts/news.csv to news-data-raw-bucket/processed/news.csv: An error occurred (NoSuchBucket) when calling the PutObject operation: The specified bucket does not exist
[2026-04-21T06:55:10.443+0000] {subprocess.py:97} INFO - Command exited with return code 1
[2026-04-21T06:55:10.444+0000] {taskinstance.py:441} INFO - ::group::Post task execution logs
[2026-04-21T06:55:10.461+0000] {taskinstance.py:2905} ERROR - Task failed with exception
Traceback (most recent call last):
  File "/home/airflow/.local/lib/python3.12/site-packages/airflow/models/taskinstance.py", line 465, in _execute_task
    result = _execute_callable(context=context, **execute_callable_kwargs)
             ^^^^^^^^^^^^^^^^^^^^^^^^^^^^^^^^^^^^^^^^^^^^^^^^^^^^^^^^^^^^^
  File "/home/airflow/.local/lib/python3.12/site-packages/airflow/models/taskinstance.py", line 432, in _execute_callable
    return execute_callable(context=context, **execute_callable_kwargs)
           ^^^^^^^^^^^^^^^^^^^^^^^^^^^^^^^^^^^^^^^^^^^^^^^^^^^^^^^^^^^^
  File "/home/airflow/.local/lib/python3.12/site-packages/airflow/models/baseoperator.py", line 400, in wrapper
    return func(self, *args, **kwargs)
           ^^^^^^^^^^^^^^^^^^^^^^^^^^^
  File "/home/airflow/.local/lib/python3.12/site-packages/airflow/operators/bash.py", line 243, in execute
    raise AirflowException(
airflow.exceptions.AirflowException: Bash command failed. The command returned a non-zero exit code 1.
[2026-04-21T06:55:10.467+0000] {taskinstance.py:1206} INFO - Marking task as FAILED. dag_id=news_pipeline, task_id=load, run_id=manual__2026-04-21T06:54:39.319962+00:00, execution_date=20260421T065439, start_date=20260421T065505, end_date=20260421T065510
[2026-04-21T06:55:10.521+0000] {standard_task_runner.py:110} ERROR - Failed to execute job 11 for task load (Bash command failed. The command returned a non-zero exit code 1.; 308)
[2026-04-21T06:55:10.575+0000] {local_task_job_runner.py:240} INFO - Task exited with return code 1
[2026-04-21T06:55:10.618+0000] {taskinstance.py:3498} INFO - 0 downstream tasks scheduled from follow-on schedule check
[2026-04-21T06:55:10.624+0000] {local_task_job_runner.py:222} INFO - ::endgroup::
