[2026-04-21T06:22:33.344+0000] {local_task_job_runner.py:120} INFO - ::group::Pre task execution logs
[2026-04-21T06:22:33.385+0000] {taskinstance.py:2076} INFO - Dependencies all met for dep_context=non-requeueable deps ti=<TaskInstance: news_pipeline.transform manual__2026-04-21T06:22:27.392994+00:00 [queued]>
[2026-04-21T06:22:33.396+0000] {taskinstance.py:2076} INFO - Dependencies all met for dep_context=requeueable deps ti=<TaskInstance: news_pipeline.transform manual__2026-04-21T06:22:27.392994+00:00 [queued]>
[2026-04-21T06:22:33.454+0000] {taskinstance.py:2306} INFO - Starting attempt 1 of 1
[2026-04-21T06:22:33.496+0000] {taskinstance.py:2330} INFO - Executing <Task(BashOperator): transform> on 2026-04-21 06:22:27.392994+00:00
[2026-04-21T06:22:33.516+0000] {standard_task_runner.py:90} INFO - Running: ['***', 'tasks', 'run', 'news_pipeline', 'transform', 'manual__2026-04-21T06:22:27.392994+00:00', '--job-id', '30', '--raw', '--subdir', 'DAGS_FOLDER/news_pipeline.py', '--cfg-path', '/tmp/tmp37sssz79']
[2026-04-21T06:22:33.521+0000] {standard_task_runner.py:91} INFO - Job 30: Subtask transform
[2026-04-21T06:22:33.523+0000] {logging_mixin.py:188} WARNING - /home/***/.local/lib/python3.12/site-packages/***/task/task_runner/standard_task_runner.py:61 DeprecationWarning: This process (pid=168) is multi-threaded, use of fork() may lead to deadlocks in the child.
[2026-04-21T06:22:33.524+0000] {standard_task_runner.py:63} INFO - Started process 169 to run task
[2026-04-21T06:22:33.600+0000] {task_command.py:426} INFO - Running <TaskInstance: news_pipeline.transform manual__2026-04-21T06:22:27.392994+00:00 [running]> on host a8948063c6b8
[2026-04-21T06:22:33.741+0000] {taskinstance.py:2648} INFO - Exporting env vars: AIRFLOW_CTX_DAG_OWNER='***' AIRFLOW_CTX_DAG_ID='news_pipeline' AIRFLOW_CTX_TASK_ID='transform' AIRFLOW_CTX_EXECUTION_DATE='2026-04-21T06:22:27.392994+00:00' AIRFLOW_CTX_TRY_NUMBER='1' AIRFLOW_CTX_DAG_RUN_ID='manual__2026-04-21T06:22:27.392994+00:00'
[2026-04-21T06:22:33.744+0000] {taskinstance.py:430} INFO - ::endgroup::
[2026-04-21T06:22:33.764+0000] {subprocess.py:63} INFO - Tmp dir root location: /tmp
[2026-04-21T06:22:33.766+0000] {subprocess.py:75} INFO - Running command: ['/usr/bin/bash', '-c', 'python /opt/***/scripts/transform_news.py']
[2026-04-21T06:22:33.779+0000] {subprocess.py:86} INFO - Output:
[2026-04-21T06:22:36.262+0000] {subprocess.py:93} INFO - CSV created successfully
[2026-04-21T06:22:36.482+0000] {subprocess.py:97} INFO - Command exited with return code 0
[2026-04-21T06:22:36.494+0000] {taskinstance.py:441} INFO - ::group::Post task execution logs
[2026-04-21T06:22:36.568+0000] {taskinstance.py:1206} INFO - Marking task as SUCCESS. dag_id=news_pipeline, task_id=transform, run_id=manual__2026-04-21T06:22:27.392994+00:00, execution_date=20260421T062227, start_date=20260421T062233, end_date=20260421T062236
[2026-04-21T06:22:36.701+0000] {local_task_job_runner.py:240} INFO - Task exited with return code 0
[2026-04-21T06:22:36.763+0000] {taskinstance.py:3498} INFO - 1 downstream tasks scheduled from follow-on schedule check
[2026-04-21T06:22:36.770+0000] {local_task_job_runner.py:222} INFO - ::endgroup::
