[2026-04-21T05:51:29.603+0000] {local_task_job_runner.py:120} INFO - ::group::Pre task execution logs
[2026-04-21T05:51:29.665+0000] {taskinstance.py:2076} INFO - Dependencies all met for dep_context=non-requeueable deps ti=<TaskInstance: news_pipeline.transform manual__2026-04-21T05:36:58.140599+00:00 [queued]>
[2026-04-21T05:51:29.680+0000] {taskinstance.py:2076} INFO - Dependencies all met for dep_context=requeueable deps ti=<TaskInstance: news_pipeline.transform manual__2026-04-21T05:36:58.140599+00:00 [queued]>
[2026-04-21T05:51:29.681+0000] {taskinstance.py:2306} INFO - Starting attempt 1 of 1
[2026-04-21T05:51:29.703+0000] {taskinstance.py:2330} INFO - Executing <Task(BashOperator): transform> on 2026-04-21 05:36:58.140599+00:00
[2026-04-21T05:51:29.714+0000] {standard_task_runner.py:90} INFO - Running: ['***', 'tasks', 'run', 'news_pipeline', 'transform', 'manual__2026-04-21T05:36:58.140599+00:00', '--job-id', '12', '--raw', '--subdir', 'DAGS_FOLDER/news_pipeline.py', '--cfg-path', '/tmp/tmp8y6mxnnd']
[2026-04-21T05:51:29.719+0000] {standard_task_runner.py:91} INFO - Job 12: Subtask transform
[2026-04-21T05:51:29.720+0000] {logging_mixin.py:188} WARNING - /home/***/.local/lib/python3.12/site-packages/***/task/task_runner/standard_task_runner.py:61 DeprecationWarning: This process (pid=183) is multi-threaded, use of fork() may lead to deadlocks in the child.
[2026-04-21T05:51:29.721+0000] {standard_task_runner.py:63} INFO - Started process 184 to run task
[2026-04-21T05:51:29.796+0000] {task_command.py:426} INFO - Running <TaskInstance: news_pipeline.transform manual__2026-04-21T05:36:58.140599+00:00 [running]> on host a8948063c6b8
[2026-04-21T05:51:29.987+0000] {taskinstance.py:2648} INFO - Exporting env vars: AIRFLOW_CTX_DAG_OWNER='***' AIRFLOW_CTX_DAG_ID='news_pipeline' AIRFLOW_CTX_TASK_ID='transform' AIRFLOW_CTX_EXECUTION_DATE='2026-04-21T05:36:58.140599+00:00' AIRFLOW_CTX_TRY_NUMBER='1' AIRFLOW_CTX_DAG_RUN_ID='manual__2026-04-21T05:36:58.140599+00:00'
[2026-04-21T05:51:29.988+0000] {taskinstance.py:430} INFO - ::endgroup::
[2026-04-21T05:51:30.016+0000] {subprocess.py:63} INFO - Tmp dir root location: /tmp
[2026-04-21T05:51:30.019+0000] {subprocess.py:75} INFO - Running command: ['/usr/bin/bash', '-c', 'python /opt/***/scripts/transform_news.py']
[2026-04-21T05:51:30.031+0000] {subprocess.py:86} INFO - Output:
[2026-04-21T05:51:31.181+0000] {subprocess.py:93} INFO - Traceback (most recent call last):
[2026-04-21T05:51:31.182+0000] {subprocess.py:93} INFO -   File "/opt/***/scripts/transform_news.py", line 9, in <module>
[2026-04-21T05:51:31.185+0000] {subprocess.py:93} INFO -     for article in data["articles"]:
[2026-04-21T05:51:31.186+0000] {subprocess.py:93} INFO -                    ~~~~^^^^^^^^^^^^
[2026-04-21T05:51:31.187+0000] {subprocess.py:93} INFO - KeyError: 'articles'
[2026-04-21T05:51:31.279+0000] {subprocess.py:97} INFO - Command exited with return code 1
[2026-04-21T05:51:31.281+0000] {taskinstance.py:441} INFO - ::group::Post task execution logs
[2026-04-21T05:51:31.295+0000] {taskinstance.py:2905} ERROR - Task failed with exception
Traceback (most recent call last):
  File "/home/airflow/.local/lib/python3.12/site-packages/airflow/models/taskinstance.py", line 465, in _execute_task
    result = _execute_callable(context=context, **execute_callable_kwargs)
             ^^^^^^^^^^^^^^^^^^^^^^^^^^^^^^^^^^^^^^^^^^^^^^^^^^^^^^^^^^^^^
  File "/home/airflow/.local/lib/python3.12/site-packages/airflow/models/taskinstance.py", line 432, in _execute_callable
    return execute_callable(context=context, **execute_callable_kwargs)
           ^^^^^^^^^^^^^^^^^^^^^^^^^^^^^^^^^^^^^^^^^^^^^^^^^^^^^^^^^^^^
  File "/home/airflow/.local/lib/python3.12/site-packages/airflow/models/baseoperator.py", line 400, in wrapper
    return func(self, *args, **kwargs)
           ^^^^^^^^^^^^^^^^^^^^^^^^^^^
  File "/home/airflow/.local/lib/python3.12/site-packages/airflow/operators/bash.py", line 243, in execute
    raise AirflowException(
airflow.exceptions.AirflowException: Bash command failed. The command returned a non-zero exit code 1.
[2026-04-21T05:51:31.302+0000] {taskinstance.py:1206} INFO - Marking task as FAILED. dag_id=news_pipeline, task_id=transform, run_id=manual__2026-04-21T05:36:58.140599+00:00, execution_date=20260421T053658, start_date=20260421T055129, end_date=20260421T055131
[2026-04-21T05:51:31.439+0000] {standard_task_runner.py:110} ERROR - Failed to execute job 12 for task transform (Bash command failed. The command returned a non-zero exit code 1.; 184)
[2026-04-21T05:51:31.464+0000] {local_task_job_runner.py:240} INFO - Task exited with return code 1
[2026-04-21T05:51:31.504+0000] {taskinstance.py:3498} INFO - 0 downstream tasks scheduled from follow-on schedule check
[2026-04-21T05:51:31.542+0000] {local_task_job_runner.py:222} INFO - ::endgroup::
