[2026-04-21T05:51:14.880+0000] {local_task_job_runner.py:120} INFO - ::group::Pre task execution logs
[2026-04-21T05:51:14.929+0000] {taskinstance.py:2076} INFO - Dependencies all met for dep_context=non-requeueable deps ti=<TaskInstance: news_pipeline.extract scheduled__2026-04-20T00:00:00+00:00 [queued]>
[2026-04-21T05:51:14.945+0000] {taskinstance.py:2076} INFO - Dependencies all met for dep_context=requeueable deps ti=<TaskInstance: news_pipeline.extract scheduled__2026-04-20T00:00:00+00:00 [queued]>
[2026-04-21T05:51:14.973+0000] {taskinstance.py:2306} INFO - Starting attempt 4 of 4
[2026-04-21T05:51:15.004+0000] {taskinstance.py:2330} INFO - Executing <Task(BashOperator): extract> on 2026-04-20 00:00:00+00:00
[2026-04-21T05:51:15.030+0000] {standard_task_runner.py:90} INFO - Running: ['***', 'tasks', 'run', 'news_pipeline', 'extract', 'scheduled__2026-04-20T00:00:00+00:00', '--job-id', '9', '--raw', '--subdir', 'DAGS_FOLDER/news_pipeline.py', '--cfg-path', '/tmp/tmphziv4bm5']
[2026-04-21T05:51:15.033+0000] {standard_task_runner.py:91} INFO - Job 9: Subtask extract
[2026-04-21T05:51:15.034+0000] {logging_mixin.py:188} WARNING - /home/***/.local/lib/python3.12/site-packages/***/task/task_runner/standard_task_runner.py:61 DeprecationWarning: This process (pid=165) is multi-threaded, use of fork() may lead to deadlocks in the child.
[2026-04-21T05:51:15.035+0000] {standard_task_runner.py:63} INFO - Started process 166 to run task
[2026-04-21T05:51:15.124+0000] {task_command.py:426} INFO - Running <TaskInstance: news_pipeline.extract scheduled__2026-04-20T00:00:00+00:00 [running]> on host a8948063c6b8
[2026-04-21T05:51:15.381+0000] {taskinstance.py:2648} INFO - Exporting env vars: AIRFLOW_CTX_DAG_OWNER='***' AIRFLOW_CTX_DAG_ID='news_pipeline' AIRFLOW_CTX_TASK_ID='extract' AIRFLOW_CTX_EXECUTION_DATE='2026-04-20T00:00:00+00:00' AIRFLOW_CTX_TRY_NUMBER='4' AIRFLOW_CTX_DAG_RUN_ID='scheduled__2026-04-20T00:00:00+00:00'
[2026-04-21T05:51:15.382+0000] {taskinstance.py:430} INFO - ::endgroup::
[2026-04-21T05:51:15.418+0000] {subprocess.py:63} INFO - Tmp dir root location: /tmp
[2026-04-21T05:51:15.420+0000] {subprocess.py:75} INFO - Running command: ['/usr/bin/bash', '-c', 'python /opt/***/scripts/extract_news.py']
[2026-04-21T05:51:15.438+0000] {subprocess.py:86} INFO - Output:
[2026-04-21T05:51:16.883+0000] {subprocess.py:93} INFO - News extracted successfully
[2026-04-21T05:51:17.023+0000] {subprocess.py:97} INFO - Command exited with return code 0
[2026-04-21T05:51:17.038+0000] {taskinstance.py:441} INFO - ::group::Post task execution logs
[2026-04-21T05:51:17.105+0000] {taskinstance.py:1206} INFO - Marking task as SUCCESS. dag_id=news_pipeline, task_id=extract, run_id=scheduled__2026-04-20T00:00:00+00:00, execution_date=20260420T000000, start_date=20260421T055114, end_date=20260421T055117
[2026-04-21T05:51:17.185+0000] {local_task_job_runner.py:240} INFO - Task exited with return code 0
[2026-04-21T05:51:17.233+0000] {taskinstance.py:3498} INFO - 1 downstream tasks scheduled from follow-on schedule check
[2026-04-21T05:51:17.258+0000] {local_task_job_runner.py:222} INFO - ::endgroup::
