[2026-04-21T05:47:00.619+0000] {local_task_job_runner.py:120} INFO - ::group::Pre task execution logs
[2026-04-21T05:47:00.699+0000] {taskinstance.py:2076} INFO - Dependencies all met for dep_context=non-requeueable deps ti=<TaskInstance: news_pipeline.extract scheduled__2026-04-20T00:00:00+00:00 [queued]>
[2026-04-21T05:47:00.725+0000] {taskinstance.py:2076} INFO - Dependencies all met for dep_context=requeueable deps ti=<TaskInstance: news_pipeline.extract scheduled__2026-04-20T00:00:00+00:00 [queued]>
[2026-04-21T05:47:00.726+0000] {taskinstance.py:2306} INFO - Starting attempt 2 of 2
[2026-04-21T05:47:00.766+0000] {taskinstance.py:2330} INFO - Executing <Task(BashOperator): extract> on 2026-04-20 00:00:00+00:00
[2026-04-21T05:47:00.782+0000] {standard_task_runner.py:90} INFO - Running: ['***', 'tasks', 'run', 'news_pipeline', 'extract', 'scheduled__2026-04-20T00:00:00+00:00', '--job-id', '5', '--raw', '--subdir', 'DAGS_FOLDER/news_pipeline.py', '--cfg-path', '/tmp/tmpr0fwrbff']
[2026-04-21T05:47:00.789+0000] {standard_task_runner.py:91} INFO - Job 5: Subtask extract
[2026-04-21T05:47:00.796+0000] {logging_mixin.py:188} WARNING - /home/***/.local/lib/python3.12/site-packages/***/task/task_runner/standard_task_runner.py:61 DeprecationWarning: This process (pid=170) is multi-threaded, use of fork() may lead to deadlocks in the child.
[2026-04-21T05:47:00.797+0000] {standard_task_runner.py:63} INFO - Started process 171 to run task
[2026-04-21T05:47:00.921+0000] {task_command.py:426} INFO - Running <TaskInstance: news_pipeline.extract scheduled__2026-04-20T00:00:00+00:00 [running]> on host a8948063c6b8
[2026-04-21T05:47:01.132+0000] {taskinstance.py:2648} INFO - Exporting env vars: AIRFLOW_CTX_DAG_OWNER='***' AIRFLOW_CTX_DAG_ID='news_pipeline' AIRFLOW_CTX_TASK_ID='extract' AIRFLOW_CTX_EXECUTION_DATE='2026-04-20T00:00:00+00:00' AIRFLOW_CTX_TRY_NUMBER='2' AIRFLOW_CTX_DAG_RUN_ID='scheduled__2026-04-20T00:00:00+00:00'
[2026-04-21T05:47:01.134+0000] {taskinstance.py:430} INFO - ::endgroup::
[2026-04-21T05:47:01.175+0000] {subprocess.py:63} INFO - Tmp dir root location: /tmp
[2026-04-21T05:47:01.178+0000] {subprocess.py:75} INFO - Running command: ['/usr/bin/bash', '-c', 'python /opt/***/scripts/extract_news.py']
[2026-04-21T05:47:01.192+0000] {subprocess.py:86} INFO - Output:
[2026-04-21T05:47:03.687+0000] {subprocess.py:93} INFO - Traceback (most recent call last):
[2026-04-21T05:47:03.688+0000] {subprocess.py:93} INFO -   File "/opt/***/scripts/extract_news.py", line 5, in <module>
[2026-04-21T05:47:03.690+0000] {subprocess.py:93} INFO -     from config.config import *
[2026-04-21T05:47:03.691+0000] {subprocess.py:93} INFO - ModuleNotFoundError: No module named 'config'
[2026-04-21T05:47:03.763+0000] {subprocess.py:97} INFO - Command exited with return code 1
[2026-04-21T05:47:03.764+0000] {taskinstance.py:441} INFO - ::group::Post task execution logs
[2026-04-21T05:47:03.779+0000] {taskinstance.py:2905} ERROR - Task failed with exception
Traceback (most recent call last):
  File "/home/airflow/.local/lib/python3.12/site-packages/airflow/models/taskinstance.py", line 465, in _execute_task
    result = _execute_callable(context=context, **execute_callable_kwargs)
             ^^^^^^^^^^^^^^^^^^^^^^^^^^^^^^^^^^^^^^^^^^^^^^^^^^^^^^^^^^^^^
  File "/home/airflow/.local/lib/python3.12/site-packages/airflow/models/taskinstance.py", line 432, in _execute_callable
    return execute_callable(context=context, **execute_callable_kwargs)
           ^^^^^^^^^^^^^^^^^^^^^^^^^^^^^^^^^^^^^^^^^^^^^^^^^^^^^^^^^^^^
  File "/home/airflow/.local/lib/python3.12/site-packages/airflow/models/baseoperator.py", line 400, in wrapper
    return func(self, *args, **kwargs)
           ^^^^^^^^^^^^^^^^^^^^^^^^^^^
  File "/home/airflow/.local/lib/python3.12/site-packages/airflow/operators/bash.py", line 243, in execute
    raise AirflowException(
airflow.exceptions.AirflowException: Bash command failed. The command returned a non-zero exit code 1.
[2026-04-21T05:47:03.786+0000] {taskinstance.py:1206} INFO - Marking task as FAILED. dag_id=news_pipeline, task_id=extract, run_id=scheduled__2026-04-20T00:00:00+00:00, execution_date=20260420T000000, start_date=20260421T054700, end_date=20260421T054703
[2026-04-21T05:47:03.808+0000] {standard_task_runner.py:110} ERROR - Failed to execute job 5 for task extract (Bash command failed. The command returned a non-zero exit code 1.; 171)
[2026-04-21T05:47:03.862+0000] {local_task_job_runner.py:240} INFO - Task exited with return code 1
[2026-04-21T05:47:03.910+0000] {taskinstance.py:3498} INFO - 0 downstream tasks scheduled from follow-on schedule check
[2026-04-21T05:47:03.919+0000] {local_task_job_runner.py:222} INFO - ::endgroup::
