[2026-04-21T05:33:30.126+0000] {local_task_job_runner.py:120} INFO - ::group::Pre task execution logs
[2026-04-21T05:33:30.192+0000] {taskinstance.py:2076} INFO - Dependencies all met for dep_context=non-requeueable deps ti=<TaskInstance: news_pipeline.extract scheduled__2026-04-20T00:00:00+00:00 [queued]>
[2026-04-21T05:33:30.208+0000] {taskinstance.py:2076} INFO - Dependencies all met for dep_context=requeueable deps ti=<TaskInstance: news_pipeline.extract scheduled__2026-04-20T00:00:00+00:00 [queued]>
[2026-04-21T05:33:30.209+0000] {taskinstance.py:2306} INFO - Starting attempt 1 of 1
[2026-04-21T05:33:30.237+0000] {taskinstance.py:2330} INFO - Executing <Task(BashOperator): extract> on 2026-04-20 00:00:00+00:00
[2026-04-21T05:33:30.264+0000] {logging_mixin.py:188} WARNING - /home/***/.local/lib/python3.12/site-packages/***/task/task_runner/standard_task_runner.py:61 DeprecationWarning: This process (pid=230) is multi-threaded, use of fork() may lead to deadlocks in the child.
[2026-04-21T05:33:30.269+0000] {standard_task_runner.py:63} INFO - Started process 231 to run task
[2026-04-21T05:33:30.252+0000] {standard_task_runner.py:90} INFO - Running: ['***', 'tasks', 'run', 'news_pipeline', 'extract', 'scheduled__2026-04-20T00:00:00+00:00', '--job-id', '2', '--raw', '--subdir', 'DAGS_FOLDER/news_pipeline.py', '--cfg-path', '/tmp/tmpquqt_o3k']
[2026-04-21T05:33:30.276+0000] {standard_task_runner.py:91} INFO - Job 2: Subtask extract
[2026-04-21T05:33:30.396+0000] {task_command.py:426} INFO - Running <TaskInstance: news_pipeline.extract scheduled__2026-04-20T00:00:00+00:00 [running]> on host a8948063c6b8
[2026-04-21T05:33:30.590+0000] {taskinstance.py:2648} INFO - Exporting env vars: AIRFLOW_CTX_DAG_OWNER='***' AIRFLOW_CTX_DAG_ID='news_pipeline' AIRFLOW_CTX_TASK_ID='extract' AIRFLOW_CTX_EXECUTION_DATE='2026-04-20T00:00:00+00:00' AIRFLOW_CTX_TRY_NUMBER='1' AIRFLOW_CTX_DAG_RUN_ID='scheduled__2026-04-20T00:00:00+00:00'
[2026-04-21T05:33:30.596+0000] {taskinstance.py:430} INFO - ::endgroup::
[2026-04-21T05:33:30.789+0000] {subprocess.py:63} INFO - Tmp dir root location: /tmp
[2026-04-21T05:33:30.792+0000] {subprocess.py:75} INFO - Running command: ['/usr/bin/bash', '-c', 'python scripts/extract_news.py']
[2026-04-21T05:33:30.827+0000] {subprocess.py:86} INFO - Output:
[2026-04-21T05:33:31.163+0000] {subprocess.py:93} INFO - python: can't open file '/tmp/***tmplcyq6388/scripts/extract_news.py': [Errno 2] No such file or directory
[2026-04-21T05:33:31.172+0000] {subprocess.py:97} INFO - Command exited with return code 2
[2026-04-21T05:33:31.173+0000] {taskinstance.py:441} INFO - ::group::Post task execution logs
[2026-04-21T05:33:31.194+0000] {taskinstance.py:2905} ERROR - Task failed with exception
Traceback (most recent call last):
  File "/home/airflow/.local/lib/python3.12/site-packages/airflow/models/taskinstance.py", line 465, in _execute_task
    result = _execute_callable(context=context, **execute_callable_kwargs)
             ^^^^^^^^^^^^^^^^^^^^^^^^^^^^^^^^^^^^^^^^^^^^^^^^^^^^^^^^^^^^^
  File "/home/airflow/.local/lib/python3.12/site-packages/airflow/models/taskinstance.py", line 432, in _execute_callable
    return execute_callable(context=context, **execute_callable_kwargs)
           ^^^^^^^^^^^^^^^^^^^^^^^^^^^^^^^^^^^^^^^^^^^^^^^^^^^^^^^^^^^^
  File "/home/airflow/.local/lib/python3.12/site-packages/airflow/models/baseoperator.py", line 400, in wrapper
    return func(self, *args, **kwargs)
           ^^^^^^^^^^^^^^^^^^^^^^^^^^^
  File "/home/airflow/.local/lib/python3.12/site-packages/airflow/operators/bash.py", line 243, in execute
    raise AirflowException(
airflow.exceptions.AirflowException: Bash command failed. The command returned a non-zero exit code 2.
[2026-04-21T05:33:31.201+0000] {taskinstance.py:1206} INFO - Marking task as FAILED. dag_id=news_pipeline, task_id=extract, run_id=scheduled__2026-04-20T00:00:00+00:00, execution_date=20260420T000000, start_date=20260421T053330, end_date=20260421T053331
[2026-04-21T05:33:31.228+0000] {standard_task_runner.py:110} ERROR - Failed to execute job 2 for task extract (Bash command failed. The command returned a non-zero exit code 2.; 231)
[2026-04-21T05:33:31.268+0000] {local_task_job_runner.py:240} INFO - Task exited with return code 1
[2026-04-21T05:33:31.317+0000] {taskinstance.py:3498} INFO - 0 downstream tasks scheduled from follow-on schedule check
[2026-04-21T05:33:31.327+0000] {local_task_job_runner.py:222} INFO - ::endgroup::
