[2026-04-21T05:47:17.024+0000] {local_task_job_runner.py:120} INFO - ::group::Pre task execution logs
[2026-04-21T05:47:17.069+0000] {taskinstance.py:2076} INFO - Dependencies all met for dep_context=non-requeueable deps ti=<TaskInstance: news_pipeline.extract scheduled__2026-04-20T00:00:00+00:00 [queued]>
[2026-04-21T05:47:17.083+0000] {taskinstance.py:2076} INFO - Dependencies all met for dep_context=requeueable deps ti=<TaskInstance: news_pipeline.extract scheduled__2026-04-20T00:00:00+00:00 [queued]>
[2026-04-21T05:47:17.084+0000] {taskinstance.py:2306} INFO - Starting attempt 3 of 3
[2026-04-21T05:47:17.107+0000] {taskinstance.py:2330} INFO - Executing <Task(BashOperator): extract> on 2026-04-20 00:00:00+00:00
[2026-04-21T05:47:17.120+0000] {standard_task_runner.py:90} INFO - Running: ['***', 'tasks', 'run', 'news_pipeline', 'extract', 'scheduled__2026-04-20T00:00:00+00:00', '--job-id', '7', '--raw', '--subdir', 'DAGS_FOLDER/news_pipeline.py', '--cfg-path', '/tmp/tmp29ch2lwq']
[2026-04-21T05:47:17.126+0000] {standard_task_runner.py:91} INFO - Job 7: Subtask extract
[2026-04-21T05:47:17.131+0000] {logging_mixin.py:188} WARNING - /home/***/.local/lib/python3.12/site-packages/***/task/task_runner/standard_task_runner.py:61 DeprecationWarning: This process (pid=176) is multi-threaded, use of fork() may lead to deadlocks in the child.
[2026-04-21T05:47:17.133+0000] {standard_task_runner.py:63} INFO - Started process 177 to run task
[2026-04-21T05:47:17.246+0000] {task_command.py:426} INFO - Running <TaskInstance: news_pipeline.extract scheduled__2026-04-20T00:00:00+00:00 [running]> on host a8948063c6b8
[2026-04-21T05:47:17.362+0000] {taskinstance.py:2648} INFO - Exporting env vars: AIRFLOW_CTX_DAG_OWNER='***' AIRFLOW_CTX_DAG_ID='news_pipeline' AIRFLOW_CTX_TASK_ID='extract' AIRFLOW_CTX_EXECUTION_DATE='2026-04-20T00:00:00+00:00' AIRFLOW_CTX_TRY_NUMBER='3' AIRFLOW_CTX_DAG_RUN_ID='scheduled__2026-04-20T00:00:00+00:00'
[2026-04-21T05:47:17.363+0000] {taskinstance.py:430} INFO - ::endgroup::
[2026-04-21T05:47:17.386+0000] {subprocess.py:63} INFO - Tmp dir root location: /tmp
[2026-04-21T05:47:17.389+0000] {subprocess.py:75} INFO - Running command: ['/usr/bin/bash', '-c', 'python /opt/***/scripts/extract_news.py']
[2026-04-21T05:47:17.400+0000] {subprocess.py:86} INFO - Output:
[2026-04-21T05:47:18.755+0000] {subprocess.py:93} INFO - Traceback (most recent call last):
[2026-04-21T05:47:18.756+0000] {subprocess.py:93} INFO -   File "/opt/***/scripts/extract_news.py", line 5, in <module>
[2026-04-21T05:47:18.758+0000] {subprocess.py:93} INFO -     from config.config import *
[2026-04-21T05:47:18.759+0000] {subprocess.py:93} INFO - ModuleNotFoundError: No module named 'config'
[2026-04-21T05:47:18.831+0000] {subprocess.py:97} INFO - Command exited with return code 1
[2026-04-21T05:47:18.919+0000] {taskinstance.py:441} INFO - ::group::Post task execution logs
[2026-04-21T05:47:18.969+0000] {taskinstance.py:2905} ERROR - Task failed with exception
Traceback (most recent call last):
  File "/home/airflow/.local/lib/python3.12/site-packages/airflow/models/taskinstance.py", line 465, in _execute_task
    result = _execute_callable(context=context, **execute_callable_kwargs)
             ^^^^^^^^^^^^^^^^^^^^^^^^^^^^^^^^^^^^^^^^^^^^^^^^^^^^^^^^^^^^^
  File "/home/airflow/.local/lib/python3.12/site-packages/airflow/models/taskinstance.py", line 432, in _execute_callable
    return execute_callable(context=context, **execute_callable_kwargs)
           ^^^^^^^^^^^^^^^^^^^^^^^^^^^^^^^^^^^^^^^^^^^^^^^^^^^^^^^^^^^^
  File "/home/airflow/.local/lib/python3.12/site-packages/airflow/models/baseoperator.py", line 400, in wrapper
    return func(self, *args, **kwargs)
           ^^^^^^^^^^^^^^^^^^^^^^^^^^^
  File "/home/airflow/.local/lib/python3.12/site-packages/airflow/operators/bash.py", line 243, in execute
    raise AirflowException(
airflow.exceptions.AirflowException: Bash command failed. The command returned a non-zero exit code 1.
[2026-04-21T05:47:18.979+0000] {taskinstance.py:1206} INFO - Marking task as FAILED. dag_id=news_pipeline, task_id=extract, run_id=scheduled__2026-04-20T00:00:00+00:00, execution_date=20260420T000000, start_date=20260421T054717, end_date=20260421T054718
[2026-04-21T05:47:19.014+0000] {standard_task_runner.py:110} ERROR - Failed to execute job 7 for task extract (Bash command failed. The command returned a non-zero exit code 1.; 177)
[2026-04-21T05:47:19.045+0000] {local_task_job_runner.py:240} INFO - Task exited with return code 1
[2026-04-21T05:47:19.060+0000] {local_task_job_runner.py:222} INFO - ::endgroup::
