[2026-04-21T06:33:18.829+0000] {local_task_job_runner.py:120} INFO - ::group::Pre task execution logs
[2026-04-21T06:33:18.896+0000] {taskinstance.py:2076} INFO - Dependencies all met for dep_context=non-requeueable deps ti=<TaskInstance: news_pipeline.load scheduled__2026-04-19T18:30:00+00:00 [queued]>
[2026-04-21T06:33:18.914+0000] {taskinstance.py:2076} INFO - Dependencies all met for dep_context=requeueable deps ti=<TaskInstance: news_pipeline.load scheduled__2026-04-19T18:30:00+00:00 [queued]>
[2026-04-21T06:33:18.915+0000] {taskinstance.py:2306} INFO - Starting attempt 1 of 1
[2026-04-21T06:33:18.943+0000] {taskinstance.py:2330} INFO - Executing <Task(BashOperator): load> on 2026-04-19 18:30:00+00:00
[2026-04-21T06:33:18.958+0000] {standard_task_runner.py:90} INFO - Running: ['***', 'tasks', 'run', 'news_pipeline', 'load', 'scheduled__2026-04-19T18:30:00+00:00', '--job-id', '6', '--raw', '--subdir', 'DAGS_FOLDER/news_pipeline.py', '--cfg-path', '/tmp/tmp_sj881r0']
[2026-04-21T06:33:18.962+0000] {standard_task_runner.py:91} INFO - Job 6: Subtask load
[2026-04-21T06:33:18.970+0000] {logging_mixin.py:188} WARNING - /home/***/.local/lib/python3.12/site-packages/***/task/task_runner/standard_task_runner.py:61 DeprecationWarning: This process (pid=217) is multi-threaded, use of fork() may lead to deadlocks in the child.
[2026-04-21T06:33:18.971+0000] {standard_task_runner.py:63} INFO - Started process 219 to run task
[2026-04-21T06:33:19.148+0000] {task_command.py:426} INFO - Running <TaskInstance: news_pipeline.load scheduled__2026-04-19T18:30:00+00:00 [running]> on host fe86e5cf7ac6
[2026-04-21T06:33:19.336+0000] {taskinstance.py:2648} INFO - Exporting env vars: AIRFLOW_CTX_DAG_OWNER='***' AIRFLOW_CTX_DAG_ID='news_pipeline' AIRFLOW_CTX_TASK_ID='load' AIRFLOW_CTX_EXECUTION_DATE='2026-04-19T18:30:00+00:00' AIRFLOW_CTX_TRY_NUMBER='1' AIRFLOW_CTX_DAG_RUN_ID='scheduled__2026-04-19T18:30:00+00:00'
[2026-04-21T06:33:19.338+0000] {taskinstance.py:430} INFO - ::endgroup::
[2026-04-21T06:33:19.366+0000] {subprocess.py:63} INFO - Tmp dir root location: /tmp
[2026-04-21T06:33:19.368+0000] {subprocess.py:75} INFO - Running command: ['/usr/bin/bash', '-c', 'python /opt/***/scripts/load_snowflake.py']
[2026-04-21T06:33:19.383+0000] {subprocess.py:86} INFO - Output:
[2026-04-21T06:33:24.434+0000] {subprocess.py:93} INFO - Traceback (most recent call last):
[2026-04-21T06:33:24.436+0000] {subprocess.py:93} INFO -   File "/home/***/.local/lib/python3.12/site-packages/boto3/s3/transfer.py", line 371, in upload_file
[2026-04-21T06:33:24.438+0000] {subprocess.py:93} INFO -     future.result()
[2026-04-21T06:33:24.440+0000] {subprocess.py:93} INFO -   File "/home/***/.local/lib/python3.12/site-packages/s3transfer/futures.py", line 103, in result
[2026-04-21T06:33:24.441+0000] {subprocess.py:93} INFO -     return self._coordinator.result()
[2026-04-21T06:33:24.443+0000] {subprocess.py:93} INFO -            ^^^^^^^^^^^^^^^^^^^^^^^^^^
[2026-04-21T06:33:24.444+0000] {subprocess.py:93} INFO -   File "/home/***/.local/lib/python3.12/site-packages/s3transfer/futures.py", line 266, in result
[2026-04-21T06:33:24.446+0000] {subprocess.py:93} INFO -     raise self._exception
[2026-04-21T06:33:24.447+0000] {subprocess.py:93} INFO -   File "/home/***/.local/lib/python3.12/site-packages/s3transfer/tasks.py", line 139, in __call__
[2026-04-21T06:33:24.448+0000] {subprocess.py:93} INFO -     return self._execute_main(kwargs)
[2026-04-21T06:33:24.449+0000] {subprocess.py:93} INFO -            ^^^^^^^^^^^^^^^^^^^^^^^^^^
[2026-04-21T06:33:24.450+0000] {subprocess.py:93} INFO -   File "/home/***/.local/lib/python3.12/site-packages/s3transfer/tasks.py", line 162, in _execute_main
[2026-04-21T06:33:24.451+0000] {subprocess.py:93} INFO -     return_value = self._main(**kwargs)
[2026-04-21T06:33:24.452+0000] {subprocess.py:93} INFO -                    ^^^^^^^^^^^^^^^^^^^^
[2026-04-21T06:33:24.453+0000] {subprocess.py:93} INFO -   File "/home/***/.local/lib/python3.12/site-packages/s3transfer/upload.py", line 764, in _main
[2026-04-21T06:33:24.455+0000] {subprocess.py:93} INFO -     client.put_object(Bucket=bucket, Key=key, Body=body, **extra_args)
[2026-04-21T06:33:24.456+0000] {subprocess.py:93} INFO -   File "/home/***/.local/lib/python3.12/site-packages/botocore/client.py", line 553, in _api_call
[2026-04-21T06:33:24.457+0000] {subprocess.py:93} INFO -     return self._make_api_call(operation_name, kwargs)
[2026-04-21T06:33:24.459+0000] {subprocess.py:93} INFO -            ^^^^^^^^^^^^^^^^^^^^^^^^^^^^^^^^^^^^^^^^^^^
[2026-04-21T06:33:24.460+0000] {subprocess.py:93} INFO -   File "/home/***/.local/lib/python3.12/site-packages/botocore/client.py", line 1009, in _make_api_call
[2026-04-21T06:33:24.461+0000] {subprocess.py:93} INFO -     raise error_class(parsed_response, operation_name)
[2026-04-21T06:33:24.462+0000] {subprocess.py:93} INFO - botocore.exceptions.ClientError: An error occurred (InvalidAccessKeyId) when calling the PutObject operation: The AWS Access Key Id you provided does not exist in our records.
[2026-04-21T06:33:24.463+0000] {subprocess.py:93} INFO - 
[2026-04-21T06:33:24.464+0000] {subprocess.py:93} INFO - During handling of the above exception, another exception occurred:
[2026-04-21T06:33:24.465+0000] {subprocess.py:93} INFO - 
[2026-04-21T06:33:24.467+0000] {subprocess.py:93} INFO - Traceback (most recent call last):
[2026-04-21T06:33:24.469+0000] {subprocess.py:93} INFO -   File "/opt/***/scripts/load_snowflake.py", line 17, in <module>
[2026-04-21T06:33:24.470+0000] {subprocess.py:93} INFO -     s3.upload_file(LOCAL_FILE, BUCKET_NAME, S3_FILE)
[2026-04-21T06:33:24.471+0000] {subprocess.py:93} INFO -   File "/home/***/.local/lib/python3.12/site-packages/boto3/s3/inject.py", line 145, in upload_file
[2026-04-21T06:33:24.472+0000] {subprocess.py:93} INFO -     return transfer.upload_file(
[2026-04-21T06:33:24.473+0000] {subprocess.py:93} INFO -            ^^^^^^^^^^^^^^^^^^^^^
[2026-04-21T06:33:24.474+0000] {subprocess.py:93} INFO -   File "/home/***/.local/lib/python3.12/site-packages/boto3/s3/transfer.py", line 377, in upload_file
[2026-04-21T06:33:24.474+0000] {subprocess.py:93} INFO -     raise S3UploadFailedError(
[2026-04-21T06:33:24.477+0000] {subprocess.py:93} INFO - boto3.exceptions.S3UploadFailedError: Failed to upload /opt/***/scripts/news.csv to news-data-raw-bucket/processed/news.csv: An error occurred (InvalidAccessKeyId) when calling the PutObject operation: The AWS Access Key Id you provided does not exist in our records.
[2026-04-21T06:33:24.613+0000] {subprocess.py:97} INFO - Command exited with return code 1
[2026-04-21T06:33:24.614+0000] {taskinstance.py:441} INFO - ::group::Post task execution logs
[2026-04-21T06:33:24.638+0000] {taskinstance.py:2905} ERROR - Task failed with exception
Traceback (most recent call last):
  File "/home/airflow/.local/lib/python3.12/site-packages/airflow/models/taskinstance.py", line 465, in _execute_task
    result = _execute_callable(context=context, **execute_callable_kwargs)
             ^^^^^^^^^^^^^^^^^^^^^^^^^^^^^^^^^^^^^^^^^^^^^^^^^^^^^^^^^^^^^
  File "/home/airflow/.local/lib/python3.12/site-packages/airflow/models/taskinstance.py", line 432, in _execute_callable
    return execute_callable(context=context, **execute_callable_kwargs)
           ^^^^^^^^^^^^^^^^^^^^^^^^^^^^^^^^^^^^^^^^^^^^^^^^^^^^^^^^^^^^
  File "/home/airflow/.local/lib/python3.12/site-packages/airflow/models/baseoperator.py", line 400, in wrapper
    return func(self, *args, **kwargs)
           ^^^^^^^^^^^^^^^^^^^^^^^^^^^
  File "/home/airflow/.local/lib/python3.12/site-packages/airflow/operators/bash.py", line 243, in execute
    raise AirflowException(
airflow.exceptions.AirflowException: Bash command failed. The command returned a non-zero exit code 1.
[2026-04-21T06:33:24.648+0000] {taskinstance.py:1206} INFO - Marking task as FAILED. dag_id=news_pipeline, task_id=load, run_id=scheduled__2026-04-19T18:30:00+00:00, execution_date=20260419T183000, start_date=20260421T063318, end_date=20260421T063324
[2026-04-21T06:33:24.682+0000] {standard_task_runner.py:110} ERROR - Failed to execute job 6 for task load (Bash command failed. The command returned a non-zero exit code 1.; 219)
[2026-04-21T06:33:24.734+0000] {local_task_job_runner.py:240} INFO - Task exited with return code 1
[2026-04-21T06:33:24.750+0000] {local_task_job_runner.py:222} INFO - ::endgroup::
