[2026-04-21T06:33:13.549+0000] {local_task_job_runner.py:120} INFO - ::group::Pre task execution logs
[2026-04-21T06:33:13.654+0000] {taskinstance.py:2076} INFO - Dependencies all met for dep_context=non-requeueable deps ti=<TaskInstance: news_pipeline.transform manual__2026-04-21T06:33:04.085690+00:00 [queued]>
[2026-04-21T06:33:13.673+0000] {taskinstance.py:2076} INFO - Dependencies all met for dep_context=requeueable deps ti=<TaskInstance: news_pipeline.transform manual__2026-04-21T06:33:04.085690+00:00 [queued]>
[2026-04-21T06:33:13.676+0000] {taskinstance.py:2306} INFO - Starting attempt 1 of 1
[2026-04-21T06:33:13.714+0000] {taskinstance.py:2330} INFO - Executing <Task(BashOperator): transform> on 2026-04-21 06:33:04.085690+00:00
[2026-04-21T06:33:13.730+0000] {standard_task_runner.py:90} INFO - Running: ['***', 'tasks', 'run', 'news_pipeline', 'transform', 'manual__2026-04-21T06:33:04.085690+00:00', '--job-id', '4', '--raw', '--subdir', 'DAGS_FOLDER/news_pipeline.py', '--cfg-path', '/tmp/tmpze7ax6sg']
[2026-04-21T06:33:13.736+0000] {standard_task_runner.py:91} INFO - Job 4: Subtask transform
[2026-04-21T06:33:13.750+0000] {logging_mixin.py:188} WARNING - /home/***/.local/lib/python3.12/site-packages/***/task/task_runner/standard_task_runner.py:61 DeprecationWarning: This process (pid=203) is multi-threaded, use of fork() may lead to deadlocks in the child.
[2026-04-21T06:33:13.752+0000] {standard_task_runner.py:63} INFO - Started process 205 to run task
[2026-04-21T06:33:13.878+0000] {task_command.py:426} INFO - Running <TaskInstance: news_pipeline.transform manual__2026-04-21T06:33:04.085690+00:00 [running]> on host fe86e5cf7ac6
[2026-04-21T06:33:14.252+0000] {taskinstance.py:2648} INFO - Exporting env vars: AIRFLOW_CTX_DAG_OWNER='***' AIRFLOW_CTX_DAG_ID='news_pipeline' AIRFLOW_CTX_TASK_ID='transform' AIRFLOW_CTX_EXECUTION_DATE='2026-04-21T06:33:04.085690+00:00' AIRFLOW_CTX_TRY_NUMBER='1' AIRFLOW_CTX_DAG_RUN_ID='manual__2026-04-21T06:33:04.085690+00:00'
[2026-04-21T06:33:14.292+0000] {taskinstance.py:430} INFO - ::endgroup::
[2026-04-21T06:33:14.391+0000] {subprocess.py:63} INFO - Tmp dir root location: /tmp
[2026-04-21T06:33:14.394+0000] {subprocess.py:75} INFO - Running command: ['/usr/bin/bash', '-c', 'python /opt/***/scripts/transform_news.py']
[2026-04-21T06:33:14.428+0000] {subprocess.py:86} INFO - Output:
[2026-04-21T06:33:18.023+0000] {subprocess.py:93} INFO - CSV created successfully
[2026-04-21T06:33:18.164+0000] {subprocess.py:97} INFO - Command exited with return code 0
[2026-04-21T06:33:18.166+0000] {taskinstance.py:441} INFO - ::group::Post task execution logs
[2026-04-21T06:33:18.217+0000] {taskinstance.py:1206} INFO - Marking task as SUCCESS. dag_id=news_pipeline, task_id=transform, run_id=manual__2026-04-21T06:33:04.085690+00:00, execution_date=20260421T063304, start_date=20260421T063313, end_date=20260421T063318
[2026-04-21T06:33:18.260+0000] {local_task_job_runner.py:240} INFO - Task exited with return code 0
[2026-04-21T06:33:18.297+0000] {taskinstance.py:3498} INFO - 1 downstream tasks scheduled from follow-on schedule check
[2026-04-21T06:33:18.369+0000] {local_task_job_runner.py:222} INFO - ::endgroup::
