[2026-04-21T05:51:59.970+0000] {local_task_job_runner.py:120} INFO - ::group::Pre task execution logs
[2026-04-21T05:52:00.100+0000] {taskinstance.py:2076} INFO - Dependencies all met for dep_context=non-requeueable deps ti=<TaskInstance: news_pipeline.transform manual__2026-04-21T05:51:54.035390+00:00 [queued]>
[2026-04-21T05:52:00.138+0000] {taskinstance.py:2076} INFO - Dependencies all met for dep_context=requeueable deps ti=<TaskInstance: news_pipeline.transform manual__2026-04-21T05:51:54.035390+00:00 [queued]>
[2026-04-21T05:52:00.140+0000] {taskinstance.py:2306} INFO - Starting attempt 1 of 1
[2026-04-21T05:52:00.213+0000] {taskinstance.py:2330} INFO - Executing <Task(BashOperator): transform> on 2026-04-21 05:51:54.035390+00:00
[2026-04-21T05:52:00.238+0000] {standard_task_runner.py:90} INFO - Running: ['***', 'tasks', 'run', 'news_pipeline', 'transform', 'manual__2026-04-21T05:51:54.035390+00:00', '--job-id', '16', '--raw', '--subdir', 'DAGS_FOLDER/news_pipeline.py', '--cfg-path', '/tmp/tmp_yy_d5da']
[2026-04-21T05:52:00.254+0000] {standard_task_runner.py:91} INFO - Job 16: Subtask transform
[2026-04-21T05:52:00.262+0000] {logging_mixin.py:188} WARNING - /home/***/.local/lib/python3.12/site-packages/***/task/task_runner/standard_task_runner.py:61 DeprecationWarning: This process (pid=208) is multi-threaded, use of fork() may lead to deadlocks in the child.
[2026-04-21T05:52:00.270+0000] {standard_task_runner.py:63} INFO - Started process 209 to run task
[2026-04-21T05:52:00.681+0000] {task_command.py:426} INFO - Running <TaskInstance: news_pipeline.transform manual__2026-04-21T05:51:54.035390+00:00 [running]> on host a8948063c6b8
[2026-04-21T05:52:00.920+0000] {taskinstance.py:2648} INFO - Exporting env vars: AIRFLOW_CTX_DAG_OWNER='***' AIRFLOW_CTX_DAG_ID='news_pipeline' AIRFLOW_CTX_TASK_ID='transform' AIRFLOW_CTX_EXECUTION_DATE='2026-04-21T05:51:54.035390+00:00' AIRFLOW_CTX_TRY_NUMBER='1' AIRFLOW_CTX_DAG_RUN_ID='manual__2026-04-21T05:51:54.035390+00:00'
[2026-04-21T05:52:00.922+0000] {taskinstance.py:430} INFO - ::endgroup::
[2026-04-21T05:52:00.954+0000] {subprocess.py:63} INFO - Tmp dir root location: /tmp
[2026-04-21T05:52:00.956+0000] {subprocess.py:75} INFO - Running command: ['/usr/bin/bash', '-c', 'python /opt/***/scripts/transform_news.py']
[2026-04-21T05:52:00.991+0000] {subprocess.py:86} INFO - Output:
[2026-04-21T05:52:02.947+0000] {subprocess.py:93} INFO - Traceback (most recent call last):
[2026-04-21T05:52:02.949+0000] {subprocess.py:93} INFO -   File "/opt/***/scripts/transform_news.py", line 9, in <module>
[2026-04-21T05:52:02.952+0000] {subprocess.py:93} INFO -     for article in data["articles"]:
[2026-04-21T05:52:02.953+0000] {subprocess.py:93} INFO -                    ~~~~^^^^^^^^^^^^
[2026-04-21T05:52:02.954+0000] {subprocess.py:93} INFO - KeyError: 'articles'
[2026-04-21T05:52:03.066+0000] {subprocess.py:97} INFO - Command exited with return code 1
[2026-04-21T05:52:03.070+0000] {taskinstance.py:441} INFO - ::group::Post task execution logs
[2026-04-21T05:52:03.088+0000] {taskinstance.py:2905} ERROR - Task failed with exception
Traceback (most recent call last):
  File "/home/airflow/.local/lib/python3.12/site-packages/airflow/models/taskinstance.py", line 465, in _execute_task
    result = _execute_callable(context=context, **execute_callable_kwargs)
             ^^^^^^^^^^^^^^^^^^^^^^^^^^^^^^^^^^^^^^^^^^^^^^^^^^^^^^^^^^^^^
  File "/home/airflow/.local/lib/python3.12/site-packages/airflow/models/taskinstance.py", line 432, in _execute_callable
    return execute_callable(context=context, **execute_callable_kwargs)
           ^^^^^^^^^^^^^^^^^^^^^^^^^^^^^^^^^^^^^^^^^^^^^^^^^^^^^^^^^^^^
  File "/home/airflow/.local/lib/python3.12/site-packages/airflow/models/baseoperator.py", line 400, in wrapper
    return func(self, *args, **kwargs)
           ^^^^^^^^^^^^^^^^^^^^^^^^^^^
  File "/home/airflow/.local/lib/python3.12/site-packages/airflow/operators/bash.py", line 243, in execute
    raise AirflowException(
airflow.exceptions.AirflowException: Bash command failed. The command returned a non-zero exit code 1.
[2026-04-21T05:52:03.099+0000] {taskinstance.py:1206} INFO - Marking task as FAILED. dag_id=news_pipeline, task_id=transform, run_id=manual__2026-04-21T05:51:54.035390+00:00, execution_date=20260421T055154, start_date=20260421T055200, end_date=20260421T055203
[2026-04-21T05:52:03.125+0000] {standard_task_runner.py:110} ERROR - Failed to execute job 16 for task transform (Bash command failed. The command returned a non-zero exit code 1.; 209)
[2026-04-21T05:52:03.166+0000] {local_task_job_runner.py:240} INFO - Task exited with return code 1
[2026-04-21T05:52:03.214+0000] {taskinstance.py:3498} INFO - 0 downstream tasks scheduled from follow-on schedule check
[2026-04-21T05:52:03.249+0000] {local_task_job_runner.py:222} INFO - ::endgroup::
