[2026-04-21T06:02:02.474+0000] {local_task_job_runner.py:120} INFO - ::group::Pre task execution logs
[2026-04-21T06:02:02.533+0000] {taskinstance.py:2076} INFO - Dependencies all met for dep_context=non-requeueable deps ti=<TaskInstance: news_pipeline.load manual__2026-04-21T06:01:52.560059+00:00 [queued]>
[2026-04-21T06:02:02.550+0000] {taskinstance.py:2076} INFO - Dependencies all met for dep_context=requeueable deps ti=<TaskInstance: news_pipeline.load manual__2026-04-21T06:01:52.560059+00:00 [queued]>
[2026-04-21T06:02:02.551+0000] {taskinstance.py:2306} INFO - Starting attempt 1 of 1
[2026-04-21T06:02:02.573+0000] {taskinstance.py:2330} INFO - Executing <Task(BashOperator): load> on 2026-04-21 06:01:52.560059+00:00
[2026-04-21T06:02:02.585+0000] {standard_task_runner.py:90} INFO - Running: ['***', 'tasks', 'run', 'news_pipeline', 'load', 'manual__2026-04-21T06:01:52.560059+00:00', '--job-id', '27', '--raw', '--subdir', 'DAGS_FOLDER/news_pipeline.py', '--cfg-path', '/tmp/tmp13b1gbm_']
[2026-04-21T06:02:02.591+0000] {standard_task_runner.py:91} INFO - Job 27: Subtask load
[2026-04-21T06:02:02.594+0000] {logging_mixin.py:188} WARNING - /home/***/.local/lib/python3.12/site-packages/***/task/task_runner/standard_task_runner.py:61 DeprecationWarning: This process (pid=175) is multi-threaded, use of fork() may lead to deadlocks in the child.
[2026-04-21T06:02:02.596+0000] {standard_task_runner.py:63} INFO - Started process 176 to run task
[2026-04-21T06:02:02.829+0000] {task_command.py:426} INFO - Running <TaskInstance: news_pipeline.load manual__2026-04-21T06:01:52.560059+00:00 [running]> on host a8948063c6b8
[2026-04-21T06:02:03.073+0000] {taskinstance.py:2648} INFO - Exporting env vars: AIRFLOW_CTX_DAG_OWNER='***' AIRFLOW_CTX_DAG_ID='news_pipeline' AIRFLOW_CTX_TASK_ID='load' AIRFLOW_CTX_EXECUTION_DATE='2026-04-21T06:01:52.560059+00:00' AIRFLOW_CTX_TRY_NUMBER='1' AIRFLOW_CTX_DAG_RUN_ID='manual__2026-04-21T06:01:52.560059+00:00'
[2026-04-21T06:02:03.074+0000] {taskinstance.py:430} INFO - ::endgroup::
[2026-04-21T06:02:03.096+0000] {subprocess.py:63} INFO - Tmp dir root location: /tmp
[2026-04-21T06:02:03.098+0000] {subprocess.py:75} INFO - Running command: ['/usr/bin/bash', '-c', 'python /opt/***/scripts/load_snowflake.py']
[2026-04-21T06:02:03.110+0000] {subprocess.py:86} INFO - Output:
[2026-04-21T06:02:03.208+0000] {subprocess.py:93} INFO - Load completed successfully
[2026-04-21T06:02:03.228+0000] {subprocess.py:97} INFO - Command exited with return code 0
[2026-04-21T06:02:03.232+0000] {taskinstance.py:441} INFO - ::group::Post task execution logs
[2026-04-21T06:02:03.308+0000] {taskinstance.py:1206} INFO - Marking task as SUCCESS. dag_id=news_pipeline, task_id=load, run_id=manual__2026-04-21T06:01:52.560059+00:00, execution_date=20260421T060152, start_date=20260421T060202, end_date=20260421T060203
[2026-04-21T06:02:03.516+0000] {local_task_job_runner.py:240} INFO - Task exited with return code 0
[2026-04-21T06:02:03.551+0000] {taskinstance.py:3498} INFO - 0 downstream tasks scheduled from follow-on schedule check
[2026-04-21T06:02:03.558+0000] {local_task_job_runner.py:222} INFO - ::endgroup::
