[2026-04-21T05:51:27.178+0000] {local_task_job_runner.py:120} INFO - ::group::Pre task execution logs
[2026-04-21T05:51:27.223+0000] {taskinstance.py:2076} INFO - Dependencies all met for dep_context=non-requeueable deps ti=<TaskInstance: news_pipeline.extract manual__2026-04-21T05:36:58.140599+00:00 [queued]>
[2026-04-21T05:51:27.237+0000] {taskinstance.py:2076} INFO - Dependencies all met for dep_context=requeueable deps ti=<TaskInstance: news_pipeline.extract manual__2026-04-21T05:36:58.140599+00:00 [queued]>
[2026-04-21T05:51:27.295+0000] {taskinstance.py:2306} INFO - Starting attempt 3 of 3
[2026-04-21T05:51:27.329+0000] {taskinstance.py:2330} INFO - Executing <Task(BashOperator): extract> on 2026-04-21 05:36:58.140599+00:00
[2026-04-21T05:51:27.340+0000] {standard_task_runner.py:90} INFO - Running: ['***', 'tasks', 'run', 'news_pipeline', 'extract', 'manual__2026-04-21T05:36:58.140599+00:00', '--job-id', '11', '--raw', '--subdir', 'DAGS_FOLDER/news_pipeline.py', '--cfg-path', '/tmp/tmpukvrtazb']
[2026-04-21T05:51:27.343+0000] {standard_task_runner.py:91} INFO - Job 11: Subtask extract
[2026-04-21T05:51:27.344+0000] {logging_mixin.py:188} WARNING - /home/***/.local/lib/python3.12/site-packages/***/task/task_runner/standard_task_runner.py:61 DeprecationWarning: This process (pid=180) is multi-threaded, use of fork() may lead to deadlocks in the child.
[2026-04-21T05:51:27.346+0000] {standard_task_runner.py:63} INFO - Started process 181 to run task
[2026-04-21T05:51:27.439+0000] {task_command.py:426} INFO - Running <TaskInstance: news_pipeline.extract manual__2026-04-21T05:36:58.140599+00:00 [running]> on host a8948063c6b8
[2026-04-21T05:51:27.577+0000] {taskinstance.py:2648} INFO - Exporting env vars: AIRFLOW_CTX_DAG_OWNER='***' AIRFLOW_CTX_DAG_ID='news_pipeline' AIRFLOW_CTX_TASK_ID='extract' AIRFLOW_CTX_EXECUTION_DATE='2026-04-21T05:36:58.140599+00:00' AIRFLOW_CTX_TRY_NUMBER='3' AIRFLOW_CTX_DAG_RUN_ID='manual__2026-04-21T05:36:58.140599+00:00'
[2026-04-21T05:51:27.580+0000] {taskinstance.py:430} INFO - ::endgroup::
[2026-04-21T05:51:27.603+0000] {subprocess.py:63} INFO - Tmp dir root location: /tmp
[2026-04-21T05:51:27.605+0000] {subprocess.py:75} INFO - Running command: ['/usr/bin/bash', '-c', 'python /opt/***/scripts/extract_news.py']
[2026-04-21T05:51:27.618+0000] {subprocess.py:86} INFO - Output:
[2026-04-21T05:51:28.715+0000] {subprocess.py:93} INFO - News extracted successfully
[2026-04-21T05:51:28.810+0000] {subprocess.py:97} INFO - Command exited with return code 0
[2026-04-21T05:51:28.812+0000] {taskinstance.py:441} INFO - ::group::Post task execution logs
[2026-04-21T05:51:28.891+0000] {taskinstance.py:1206} INFO - Marking task as SUCCESS. dag_id=news_pipeline, task_id=extract, run_id=manual__2026-04-21T05:36:58.140599+00:00, execution_date=20260421T053658, start_date=20260421T055127, end_date=20260421T055128
[2026-04-21T05:51:29.020+0000] {local_task_job_runner.py:240} INFO - Task exited with return code 0
[2026-04-21T05:51:29.098+0000] {taskinstance.py:3498} INFO - 1 downstream tasks scheduled from follow-on schedule check
[2026-04-21T05:51:29.107+0000] {local_task_job_runner.py:222} INFO - ::endgroup::
