[2026-04-21T05:47:10.841+0000] {local_task_job_runner.py:120} INFO - ::group::Pre task execution logs
[2026-04-21T05:47:10.890+0000] {taskinstance.py:2076} INFO - Dependencies all met for dep_context=non-requeueable deps ti=<TaskInstance: news_pipeline.extract manual__2026-04-21T05:36:58.140599+00:00 [queued]>
[2026-04-21T05:47:10.906+0000] {taskinstance.py:2076} INFO - Dependencies all met for dep_context=requeueable deps ti=<TaskInstance: news_pipeline.extract manual__2026-04-21T05:36:58.140599+00:00 [queued]>
[2026-04-21T05:47:10.907+0000] {taskinstance.py:2306} INFO - Starting attempt 2 of 2
[2026-04-21T05:47:10.932+0000] {taskinstance.py:2330} INFO - Executing <Task(BashOperator): extract> on 2026-04-21 05:36:58.140599+00:00
[2026-04-21T05:47:10.945+0000] {standard_task_runner.py:90} INFO - Running: ['***', 'tasks', 'run', 'news_pipeline', 'extract', 'manual__2026-04-21T05:36:58.140599+00:00', '--job-id', '6', '--raw', '--subdir', 'DAGS_FOLDER/news_pipeline.py', '--cfg-path', '/tmp/tmpnifpq5bi']
[2026-04-21T05:47:10.949+0000] {standard_task_runner.py:91} INFO - Job 6: Subtask extract
[2026-04-21T05:47:10.951+0000] {logging_mixin.py:188} WARNING - /home/***/.local/lib/python3.12/site-packages/***/task/task_runner/standard_task_runner.py:61 DeprecationWarning: This process (pid=173) is multi-threaded, use of fork() may lead to deadlocks in the child.
[2026-04-21T05:47:10.953+0000] {standard_task_runner.py:63} INFO - Started process 174 to run task
[2026-04-21T05:47:11.084+0000] {task_command.py:426} INFO - Running <TaskInstance: news_pipeline.extract manual__2026-04-21T05:36:58.140599+00:00 [running]> on host a8948063c6b8
[2026-04-21T05:47:11.329+0000] {taskinstance.py:2648} INFO - Exporting env vars: AIRFLOW_CTX_DAG_OWNER='***' AIRFLOW_CTX_DAG_ID='news_pipeline' AIRFLOW_CTX_TASK_ID='extract' AIRFLOW_CTX_EXECUTION_DATE='2026-04-21T05:36:58.140599+00:00' AIRFLOW_CTX_TRY_NUMBER='2' AIRFLOW_CTX_DAG_RUN_ID='manual__2026-04-21T05:36:58.140599+00:00'
[2026-04-21T05:47:11.364+0000] {taskinstance.py:430} INFO - ::endgroup::
[2026-04-21T05:47:11.520+0000] {subprocess.py:63} INFO - Tmp dir root location: /tmp
[2026-04-21T05:47:11.715+0000] {subprocess.py:75} INFO - Running command: ['/usr/bin/bash', '-c', 'python /opt/***/scripts/extract_news.py']
[2026-04-21T05:47:11.743+0000] {subprocess.py:86} INFO - Output:
[2026-04-21T05:47:13.436+0000] {subprocess.py:93} INFO - Traceback (most recent call last):
[2026-04-21T05:47:13.437+0000] {subprocess.py:93} INFO -   File "/opt/***/scripts/extract_news.py", line 5, in <module>
[2026-04-21T05:47:13.439+0000] {subprocess.py:93} INFO -     from config.config import *
[2026-04-21T05:47:13.440+0000] {subprocess.py:93} INFO - ModuleNotFoundError: No module named 'config'
[2026-04-21T05:47:13.507+0000] {subprocess.py:97} INFO - Command exited with return code 1
[2026-04-21T05:47:13.509+0000] {taskinstance.py:441} INFO - ::group::Post task execution logs
[2026-04-21T05:47:13.523+0000] {taskinstance.py:2905} ERROR - Task failed with exception
Traceback (most recent call last):
  File "/home/airflow/.local/lib/python3.12/site-packages/airflow/models/taskinstance.py", line 465, in _execute_task
    result = _execute_callable(context=context, **execute_callable_kwargs)
             ^^^^^^^^^^^^^^^^^^^^^^^^^^^^^^^^^^^^^^^^^^^^^^^^^^^^^^^^^^^^^
  File "/home/airflow/.local/lib/python3.12/site-packages/airflow/models/taskinstance.py", line 432, in _execute_callable
    return execute_callable(context=context, **execute_callable_kwargs)
           ^^^^^^^^^^^^^^^^^^^^^^^^^^^^^^^^^^^^^^^^^^^^^^^^^^^^^^^^^^^^
  File "/home/airflow/.local/lib/python3.12/site-packages/airflow/models/baseoperator.py", line 400, in wrapper
    return func(self, *args, **kwargs)
           ^^^^^^^^^^^^^^^^^^^^^^^^^^^
  File "/home/airflow/.local/lib/python3.12/site-packages/airflow/operators/bash.py", line 243, in execute
    raise AirflowException(
airflow.exceptions.AirflowException: Bash command failed. The command returned a non-zero exit code 1.
[2026-04-21T05:47:13.534+0000] {taskinstance.py:1206} INFO - Marking task as FAILED. dag_id=news_pipeline, task_id=extract, run_id=manual__2026-04-21T05:36:58.140599+00:00, execution_date=20260421T053658, start_date=20260421T054710, end_date=20260421T054713
[2026-04-21T05:47:13.583+0000] {standard_task_runner.py:110} ERROR - Failed to execute job 6 for task extract (Bash command failed. The command returned a non-zero exit code 1.; 174)
[2026-04-21T05:47:13.604+0000] {local_task_job_runner.py:240} INFO - Task exited with return code 1
[2026-04-21T05:47:13.636+0000] {taskinstance.py:3498} INFO - 0 downstream tasks scheduled from follow-on schedule check
[2026-04-21T05:47:13.646+0000] {local_task_job_runner.py:222} INFO - ::endgroup::
