[2026-04-22T04:50:35.966+0000] {local_task_job_runner.py:120} INFO - ::group::Pre task execution logs
[2026-04-22T04:50:36.052+0000] {taskinstance.py:2076} INFO - Dependencies all met for dep_context=non-requeueable deps ti=<TaskInstance: news_pipeline.transform scheduled__2026-04-20T18:30:00+00:00 [queued]>
[2026-04-22T04:50:36.069+0000] {taskinstance.py:2076} INFO - Dependencies all met for dep_context=requeueable deps ti=<TaskInstance: news_pipeline.transform scheduled__2026-04-20T18:30:00+00:00 [queued]>
[2026-04-22T04:50:36.070+0000] {taskinstance.py:2306} INFO - Starting attempt 1 of 1
[2026-04-22T04:50:36.100+0000] {taskinstance.py:2330} INFO - Executing <Task(BashOperator): transform> on 2026-04-20 18:30:00+00:00
[2026-04-22T04:50:36.112+0000] {standard_task_runner.py:90} INFO - Running: ['***', 'tasks', 'run', 'news_pipeline', 'transform', 'scheduled__2026-04-20T18:30:00+00:00', '--job-id', '18', '--raw', '--subdir', 'DAGS_FOLDER/news_pipeline.py', '--cfg-path', '/tmp/tmprvoo4r3t']
[2026-04-22T04:50:36.117+0000] {logging_mixin.py:188} WARNING - /home/***/.local/lib/python3.12/site-packages/***/task/task_runner/standard_task_runner.py:61 DeprecationWarning: This process (pid=230) is multi-threaded, use of fork() may lead to deadlocks in the child.
[2026-04-22T04:50:36.118+0000] {standard_task_runner.py:91} INFO - Job 18: Subtask transform
[2026-04-22T04:50:36.118+0000] {standard_task_runner.py:63} INFO - Started process 231 to run task
[2026-04-22T04:50:36.221+0000] {task_command.py:426} INFO - Running <TaskInstance: news_pipeline.transform scheduled__2026-04-20T18:30:00+00:00 [running]> on host 6fe59ef72561
[2026-04-22T04:50:36.371+0000] {taskinstance.py:2648} INFO - Exporting env vars: AIRFLOW_CTX_DAG_OWNER='***' AIRFLOW_CTX_DAG_ID='news_pipeline' AIRFLOW_CTX_TASK_ID='transform' AIRFLOW_CTX_EXECUTION_DATE='2026-04-20T18:30:00+00:00' AIRFLOW_CTX_TRY_NUMBER='1' AIRFLOW_CTX_DAG_RUN_ID='scheduled__2026-04-20T18:30:00+00:00'
[2026-04-22T04:50:36.373+0000] {taskinstance.py:430} INFO - ::endgroup::
[2026-04-22T04:50:36.409+0000] {subprocess.py:63} INFO - Tmp dir root location: /tmp
[2026-04-22T04:50:36.410+0000] {subprocess.py:75} INFO - Running command: ['/usr/bin/bash', '-c', 'python /opt/***/scripts/transform_news.py']
[2026-04-22T04:50:36.425+0000] {subprocess.py:86} INFO - Output:
[2026-04-22T04:50:39.685+0000] {subprocess.py:93} INFO - CSV created successfully
[2026-04-22T04:50:39.877+0000] {subprocess.py:97} INFO - Command exited with return code 0
[2026-04-22T04:50:39.879+0000] {taskinstance.py:441} INFO - ::group::Post task execution logs
[2026-04-22T04:50:39.932+0000] {taskinstance.py:1206} INFO - Marking task as SUCCESS. dag_id=news_pipeline, task_id=transform, run_id=scheduled__2026-04-20T18:30:00+00:00, execution_date=20260420T183000, start_date=20260422T045036, end_date=20260422T045039
[2026-04-22T04:50:40.011+0000] {local_task_job_runner.py:240} INFO - Task exited with return code 0
[2026-04-22T04:50:40.080+0000] {taskinstance.py:3498} INFO - 1 downstream tasks scheduled from follow-on schedule check
[2026-04-22T04:50:40.088+0000] {local_task_job_runner.py:222} INFO - ::endgroup::
