[2026-04-21T06:33:06.205+0000] {local_task_job_runner.py:120} INFO - ::group::Pre task execution logs
[2026-04-21T06:33:06.323+0000] {taskinstance.py:2076} INFO - Dependencies all met for dep_context=non-requeueable deps ti=<TaskInstance: news_pipeline.extract scheduled__2026-04-19T18:30:00+00:00 [queued]>
[2026-04-21T06:33:06.347+0000] {taskinstance.py:2076} INFO - Dependencies all met for dep_context=requeueable deps ti=<TaskInstance: news_pipeline.extract scheduled__2026-04-19T18:30:00+00:00 [queued]>
[2026-04-21T06:33:06.349+0000] {taskinstance.py:2306} INFO - Starting attempt 1 of 1
[2026-04-21T06:33:06.381+0000] {taskinstance.py:2330} INFO - Executing <Task(BashOperator): extract> on 2026-04-19 18:30:00+00:00
[2026-04-21T06:33:06.402+0000] {standard_task_runner.py:90} INFO - Running: ['***', 'tasks', 'run', 'news_pipeline', 'extract', 'scheduled__2026-04-19T18:30:00+00:00', '--job-id', '3', '--raw', '--subdir', 'DAGS_FOLDER/news_pipeline.py', '--cfg-path', '/tmp/tmp0dryq8nq']
[2026-04-21T06:33:06.413+0000] {standard_task_runner.py:91} INFO - Job 3: Subtask extract
[2026-04-21T06:33:06.428+0000] {logging_mixin.py:188} WARNING - /home/***/.local/lib/python3.12/site-packages/***/task/task_runner/standard_task_runner.py:61 DeprecationWarning: This process (pid=192) is multi-threaded, use of fork() may lead to deadlocks in the child.
[2026-04-21T06:33:06.430+0000] {standard_task_runner.py:63} INFO - Started process 195 to run task
[2026-04-21T06:33:06.580+0000] {task_command.py:426} INFO - Running <TaskInstance: news_pipeline.extract scheduled__2026-04-19T18:30:00+00:00 [running]> on host fe86e5cf7ac6
[2026-04-21T06:33:07.060+0000] {taskinstance.py:2648} INFO - Exporting env vars: AIRFLOW_CTX_DAG_OWNER='***' AIRFLOW_CTX_DAG_ID='news_pipeline' AIRFLOW_CTX_TASK_ID='extract' AIRFLOW_CTX_EXECUTION_DATE='2026-04-19T18:30:00+00:00' AIRFLOW_CTX_TRY_NUMBER='1' AIRFLOW_CTX_DAG_RUN_ID='scheduled__2026-04-19T18:30:00+00:00'
[2026-04-21T06:33:07.062+0000] {taskinstance.py:430} INFO - ::endgroup::
[2026-04-21T06:33:07.114+0000] {subprocess.py:63} INFO - Tmp dir root location: /tmp
[2026-04-21T06:33:07.115+0000] {subprocess.py:75} INFO - Running command: ['/usr/bin/bash', '-c', 'python /opt/***/scripts/extract_news.py']
[2026-04-21T06:33:07.130+0000] {subprocess.py:86} INFO - Output:
[2026-04-21T06:33:12.757+0000] {subprocess.py:93} INFO - News extracted successfully
[2026-04-21T06:33:12.799+0000] {subprocess.py:97} INFO - Command exited with return code 0
[2026-04-21T06:33:12.801+0000] {taskinstance.py:441} INFO - ::group::Post task execution logs
[2026-04-21T06:33:12.850+0000] {taskinstance.py:1206} INFO - Marking task as SUCCESS. dag_id=news_pipeline, task_id=extract, run_id=scheduled__2026-04-19T18:30:00+00:00, execution_date=20260419T183000, start_date=20260421T063306, end_date=20260421T063312
[2026-04-21T06:33:12.908+0000] {local_task_job_runner.py:240} INFO - Task exited with return code 0
[2026-04-21T06:33:12.926+0000] {local_task_job_runner.py:222} INFO - ::endgroup::
