[2026-04-21T05:51:49.866+0000] {local_task_job_runner.py:120} INFO - ::group::Pre task execution logs
[2026-04-21T05:51:49.914+0000] {taskinstance.py:2076} INFO - Dependencies all met for dep_context=non-requeueable deps ti=<TaskInstance: news_pipeline.extract manual__2026-04-21T05:51:48.070527+00:00 [queued]>
[2026-04-21T05:51:49.929+0000] {taskinstance.py:2076} INFO - Dependencies all met for dep_context=requeueable deps ti=<TaskInstance: news_pipeline.extract manual__2026-04-21T05:51:48.070527+00:00 [queued]>
[2026-04-21T05:51:49.930+0000] {taskinstance.py:2306} INFO - Starting attempt 1 of 1
[2026-04-21T05:51:49.954+0000] {taskinstance.py:2330} INFO - Executing <Task(BashOperator): extract> on 2026-04-21 05:51:48.070527+00:00
[2026-04-21T05:51:49.995+0000] {standard_task_runner.py:90} INFO - Running: ['***', 'tasks', 'run', 'news_pipeline', 'extract', 'manual__2026-04-21T05:51:48.070527+00:00', '--job-id', '13', '--raw', '--subdir', 'DAGS_FOLDER/news_pipeline.py', '--cfg-path', '/tmp/tmp2tfjzz32']
[2026-04-21T05:51:49.999+0000] {logging_mixin.py:188} WARNING - /home/***/.local/lib/python3.12/site-packages/***/task/task_runner/standard_task_runner.py:61 DeprecationWarning: This process (pid=195) is multi-threaded, use of fork() may lead to deadlocks in the child.
[2026-04-21T05:51:49.999+0000] {standard_task_runner.py:91} INFO - Job 13: Subtask extract
[2026-04-21T05:51:50.000+0000] {standard_task_runner.py:63} INFO - Started process 196 to run task
[2026-04-21T05:51:50.116+0000] {task_command.py:426} INFO - Running <TaskInstance: news_pipeline.extract manual__2026-04-21T05:51:48.070527+00:00 [running]> on host a8948063c6b8
[2026-04-21T05:51:50.234+0000] {taskinstance.py:2648} INFO - Exporting env vars: AIRFLOW_CTX_DAG_OWNER='***' AIRFLOW_CTX_DAG_ID='news_pipeline' AIRFLOW_CTX_TASK_ID='extract' AIRFLOW_CTX_EXECUTION_DATE='2026-04-21T05:51:48.070527+00:00' AIRFLOW_CTX_TRY_NUMBER='1' AIRFLOW_CTX_DAG_RUN_ID='manual__2026-04-21T05:51:48.070527+00:00'
[2026-04-21T05:51:50.235+0000] {taskinstance.py:430} INFO - ::endgroup::
[2026-04-21T05:51:50.268+0000] {subprocess.py:63} INFO - Tmp dir root location: /tmp
[2026-04-21T05:51:50.271+0000] {subprocess.py:75} INFO - Running command: ['/usr/bin/bash', '-c', 'python /opt/***/scripts/extract_news.py']
[2026-04-21T05:51:50.289+0000] {subprocess.py:86} INFO - Output:
[2026-04-21T05:51:51.599+0000] {subprocess.py:93} INFO - News extracted successfully
[2026-04-21T05:51:51.658+0000] {subprocess.py:97} INFO - Command exited with return code 0
[2026-04-21T05:51:51.660+0000] {taskinstance.py:441} INFO - ::group::Post task execution logs
[2026-04-21T05:51:51.726+0000] {taskinstance.py:1206} INFO - Marking task as SUCCESS. dag_id=news_pipeline, task_id=extract, run_id=manual__2026-04-21T05:51:48.070527+00:00, execution_date=20260421T055148, start_date=20260421T055149, end_date=20260421T055151
[2026-04-21T05:51:51.954+0000] {local_task_job_runner.py:240} INFO - Task exited with return code 0
[2026-04-21T05:51:52.075+0000] {taskinstance.py:3498} INFO - 1 downstream tasks scheduled from follow-on schedule check
[2026-04-21T05:51:52.110+0000] {local_task_job_runner.py:222} INFO - ::endgroup::
